Contributing types: Sessions}
{"logTime": "1103/064431", "correlationVector":"k+tJFwGDbUFxMlnLRo7rnw.1","action":"SyncServerConnectionManagerRequest", "result":"SYNC_SERVER_OK", "context":{"environment":"Prod_SoutheastAsia_000j", "migrationStage":"NotStarted", "server":"GENERAL0100000K"}}
{"logTime": "1103/064431", "correlationVector":"k+tJFwGDbUFxMlnLRo7rnw.2","action":"Commit Response", "result":"SYNCER_OK", "context":Result: SYNCER_OK. cV=k+tJFwGDbUFxMlnLRo7rnw.0;server=GENERAL0100000K;cloudType=Consumer;environment=Prod_SoutheastAsia_000j;migrationStage=NotStarted}
{"logTime": "1103/064630", "correlationVector":"x/3oA6KIx8Nd6+DT92KUEO","action":"Commit Request", "result":"", "context":Item count: 1
Contributing types: Sessions}
{"logTime": "1103/064631", "correlationVector":"x/3oA6KIx8Nd6+DT92KUEO.1","action":"SyncServerConnectionManagerRequest", "result":"SYNC_SERVER_OK", "context":{"environment":"Prod_SoutheastAsia_000j", "migrationStage":"NotStarted", "server":"GENERAL01000003"}}
{"logTime": "1103/064631", "correlationVector":"x/3oA6KIx8Nd6+DT92KUEO.2","action":"Commit Response", "result":"SYNCER_OK", "context":Result: SYNCER_OK. cV=x/3oA6KIx8Nd6+DT92KUEO.0;server=GENERAL01000003;cloudType=Consumer;environment=Prod_SoutheastAsia_000j;migrationStage=NotStarted}
{"logTime": "1103/064827", "correlationVector":"pNRFxfh+RIxBVL5rp5DGH8.0","action":"FeedSettingFetch_homeCloud", "result":"0", "context":{}}
{"logTime": "1103/064827", "correlationVector":"Rcj8zV4eHtjpSUgD8On1F+.1","action":"SyncServerConnectionManagerRequest", "result":"SYNC_SERVER_OK", "context":{"environment":"Prod_SoutheastAsia_000j", "migrationStage":"NotStarted", "server":"GENERAL0100000K"}}
{"logTime": "1103/064827", "correlationVector":"Rcj8zV4eHtjpSUgD8On1F+","action":"Initial GetUpdates", "result":"", "context":Reason: NEW_CLIENT. cV=Rcj8zV4eHtjpSUgD8On1F+}
{"logTime": "1103/064827", "correlationVector":"Rcj8zV4eHtjpSUgD8On1F+.2","action":"GetUpdates Response", "result":"SYNCER_OK", "context":Received 1 update(s). cV=Rcj8zV4eHtjpSUgD8On1F+.0;server=GENERAL0100000K;cloudType=Consumer;environment=Prod_SoutheastAsia_000j;migrationStage=NotStarted}
{"logTime": "1103/064827", "correlationVector":"GVyBp+RbcbB7LHMgjv3P3u","action":"Normal GetUpdate request", "result":"", "context":cV=GVyBp+RbcbB7LHMgjv3P3u
Nudged types: Sessions, User Consents
Refresh requested types: Bookmarks, Preferences, Passwords, Autofill Profiles, Autofill, Autofill Custom Data, Typed URLs, Extensions, Sessions, Extension settings, History Delete Directives, Device Info, User Consents, Send Tab To Self, Web Apps, Collection, Edge E Drop, Edge Hub App Usage, Edge Wallet, Encryption Keys}
{"logTime": "1103/064827", "correlationVector":"GVyBp+RbcbB7LHMgjv3P3u.1","action":"SyncServerConnectionManagerRequest", "result":"SYNC_SERVER_OK", "context":{"environment":"Prod_SoutheastAsia_000j", "migrationStage":"NotStarted", "server":"GENERAL0100000H"}}
{"logTime": "1103/064827", "correlationVector":"GVyBp+RbcbB7LHMgjv3P3u.2","action":"GetUpdates Response", "result":"SYNCER_OK", "context":Received 3 update(s). cV=GVyBp+RbcbB7LHMgjv3P3u.0;server=GENERAL0100000H;cloudType=Consumer;environment=Prod_SoutheastAsia_000j;migrationStage=NotStarted}
{"logTime": "1103/064827", "correlationVector":"tQ0UgBSrR+XSQpj7sWKw6l","action":"Commit Request", "result":"", "context":Item count: 4
Contributing types: Sessions, User Consents}
{"logTime": "1103/064827", "correlationVector":"tQ0UgBSrR+XSQpj7sWKw6l.1","action":"SyncServerConnectionManagerRequest", "result":"SYNC_SERVER_OK", "context":{"environment":"Prod_SoutheastAsia_000j", "migrationStage":"NotStarted", "server":"GENERAL0100000F"}}
{"logTime": "1103/064827", "correlationVector":"tQ0UgBSrR+XSQpj7sWKw6l.2","action":"Commit Response", "result":"SYNCER_OK", "context":Result: SYNCER_OK. cV=tQ0UgBSrR+XSQpj7sWKw6l.0;server=GENERAL0100000F;cloudType=Consumer;environment=Prod_SoutheastAsia_000j;migrationStage=NotStarted}
{"logTime": "1103/064827", "correlationVector":"tQ0UgBSrR+XSQpj7sWKw6l.3","action":"Commit.Sessions", "result":"Success", "context":{"id":"df644931-84f7-420b-84db-62f150abef37", "isDeleted":"true", "size":"0", "version":"1698993990751"}}
{"logTime": "1103/064827", "correlationVector":"cXCvcL+fn7JHJcuH9WZhWR","action":"SyncServerConnectionManagerRequest", "result":"SYNC_SERVER_OK", "context":{"environment":"", "migrationStage":"", "server":""}}
{"logTime": "1103/064827", "correlationVector":"F++L15X1FqmXBrcWo4rH8s","action":"Normal GetUpdate request", "result":"", "context":cV=F++L15X1FqmXBrcWo4rH8s
Nudged types: Sessions}
{"logTime": "1103/064827", "correlationVector":"F++L15X1FqmXBrcWo4rH8s.1","action":"SyncServerConnectionManagerRequest", "result":"SYNC_SERVER_OK", "context":{"environment":"Prod_SoutheastAsia_000j", "migrationStage":"NotStarted", "server":"GENERAL01000005"}}
{"logTime": "1103/064827", "correlationVector":"F++L15X1FqmXBrcWo4rH8s.2","action":"GetUpdates", "result":"DeleteReceived", "context":{"id":"df644931-84f7-420b-84db-62f150abef37", "isDeleted:":"true", "version":"1698994047650"}}
{"logTime": "1103/064827", "correlationVector":"F++L15X1FqmXBrcWo4rH8s.3","action":"GetUpdates Response", "result":"SYNCER_OK", "context":Received 3 update(s). cV=F++L15X1FqmXBrcWo4rH8s.0;server=GENERAL01000005;cloudType=Consumer;environment=Prod_SoutheastAsia_000j;migrationStage=NotStarted}
{"logTime": "1103/064827", "correlationVector":"MxYzjoBKrduVtHKLNqMFW0","action":"Commit Request", "result":"", "context":Item count: 1
Contributing types: Sessions}
{"logTime": "1103/064827", "correlationVector":"MxYzjoBKrduVtHKLNqMFW0.1","action":"SyncServerConnectionManagerRequest", "result":"SYNC_SERVER_OK", "context":{"environment":"Prod_SoutheastAsia_000j", "migrationStage":"NotStarted", "server":"GENERAL01000005"}}
{"logTime": "1103/064827", "correlationVector":"MxYzjoBKrduVtHKLNqMFW0.2","action":"Commit Response", "result":"SYNCER_OK", "context":Result: SYNCER_OK. cV=MxYzjoBKrduVtHKLNqMFW0.0;server=GENERAL01000005;cloudType=Consumer;environment=Prod_SoutheastAsia_000j;migrationStage=NotStarted}
{"logTime": "1103/064827", "correlationVector":"DW+6+GvYEMQBQY6hVtcBF8","action":"Normal GetUpdate request", "result":"", "context":cV=DW+6+GvYEMQBQY6hVtcBF8
Nudged types: Sessions
Refresh requested types: Bookmarks, Preferences, Passwords, Autofill Profiles, Autofill, Autofill Custom Data, Typed URLs, Extensions, Sessions, Extension settings, History Delete Directives, Device Info, User Consents, Send Tab To Self, Web Apps, Collection, Edge E Drop, Edge Hub App Usage, Edge Wallet, Encryption Keys}
{"logTime": "1103/064827", "correlationVector":"DW+6+GvYEMQBQY6hVtcBF8.1","action":"SyncServerConnectionManagerRequest", "result":"SYNC_SERVER_OK", "context":{"environment":"Prod_SoutheastAsia_000j", "migrationStage":"NotStarted", "server":"GENERAL0100001J"}}
{"logTime": "1103/064827", "correlationVector":"DW+6+GvYEMQBQY6hVtcBF8.2","action":"GetUpdates Response", "result":"SYNCER_OK", "context":Received 1 update(s). cV=DW+6+GvYEMQBQY6hVtcBF8.0;server=GENERAL0100001J;cloudType=Consumer;environment=Prod_SoutheastAsia_000j;migrationStage=NotStarted}
{"logTime": "1103/064828", "correlationVector":"ZzGBfsZei37qKZ4A5fVYro","action":"Normal GetUpdate request", "result":"", "context":cV=ZzGBfsZei37qKZ4A5fVYro
Nudged types: Edge Hub App Usage}
{"logTime": "1103/064828", "correlationVector":"ZzGBfsZei37qKZ4A5fVYro.1","action":"SyncServerConnectionManagerRequest", "result":"SYNC_SERVER_OK", "context":{"environment":"Prod_SoutheastAsia_000j", "migrationStage":"NotStarted", "server":"GENERAL0100000V"}}
{"logTime": "1103/064828", "correlationVector":"ZzGBfsZei37qKZ4A5fVYro.2","action":"GetUpdates Response", "result":"SYNCER_OK", "context":Received 0 update(s). cV=ZzGBfsZei37qKZ4A5fVYro.0;server=GENERAL0100000V;cloudType=Consumer;environment=Prod_SoutheastAsia_000j;migrationStage=NotStarted}
{"logTime": "1103/064828", "correlationVector":"0sdaKPjdJVneFAX251BDlZ","action":"Commit Request", "result":"", "context":Item count: 1
Contributing types: Edge Hub App Usage}
{"logTime": "1103/064829", "correlationVector":"0sdaKPjdJVneFAX251BDlZ.1","action":"SyncServerConnectionManagerRequest", "result":"SYNC_SERVER_OK", "context":{"environment":"Prod_SoutheastAsia_000j", "migrationStage":"NotStarted", "server":"GENERAL0100001J"}}
{"logTime": "1103/064829", "correlationVector":"0sdaKPjdJVneFAX251BDlZ.2","action":"Commit Response", "result":"SYNCER_OK", "context":Result: SYNCER_OK. cV=0sdaKPjdJVneFAX251BDlZ.0;server=GENERAL0100001J;cloudType=Consumer;environment=Prod_SoutheastAsia_000j;migrationStage=NotStarted}
{"logTime": "1103/064908", "correlationVector":"GrE3PDp/uNp+R8qtjUmZUH","action":"Commit Request", "result":"", "context":Item count: 1
Contributing types: Sessions}
{"logTime": "1103/064909", "correlationVector":"GrE3PDp/uNp+R8qtjUmZUH.1","action":"SyncServerConnectionManagerRequest", "result":"SYNC_SERVER_OK", "context":{"environment":"Prod_SoutheastAsia_000j", "migrationStage":"NotStarted", "server":"GENERAL01000010"}}
{"logTime": "1103/064909", "correlationVector":"GrE3PDp/uNp+R8qtjUmZUH.2","action":"Commit Response", "result":"SYNCER_OK", "context":Result: SYNCER_OK. cV=GrE3PDp/uNp+R8qtjUmZUH.0;server=GENERAL01000010;cloudType=Consumer;environment=Prod_SoutheastAsia_000j;migrationStage=NotStarted}
{"logTime": "1103/064939", "correlationVector":"qDlhlkTERP2lqLWw1ixZfa","action":"Commit Request", "result":"", "context":Item count: 1
Contributing types: Sessions}
{"logTime": "1103/064939", "correlationVector":"qDlhlkTERP2lqLWw1ixZfa.1","action":"SyncServerConnectionManagerRequest", "result":"SYNC_SERVER_OK", "context":{"environment":"Prod_SoutheastAsia_000j", "migrationStage":"NotStarted", "server":"GENERAL01000014"}}
{"logTime": "1103/064939", "correlationVector":"qDlhlkTERP2lqLWw1ixZfa.2","action":"Commit Response", "result":"SYNCER_OK", "context":Result: SYNCER_OK. cV=qDlhlkTERP2lqLWw1ixZfa.0;server=GENERAL01000014;cloudType=Consumer;environment=Prod_SoutheastAsia_000j;migrationStage=NotStarted}
{"logTime": "1103/065424", "correlationVector":"BpHAwVYqRVsKbgmBZRVy0j","action":"Commit Request", "result":"", "context":Item count: 1
Contributing types: Sessions}
{"logTime": "1103/065425", "correlationVector":"BpHAwVYqRVsKbgmBZRVy0j.1","action":"SyncServerConnectionManagerRequest", "result":"SYNC_SERVER_OK", "context":{"environment":"Prod_SoutheastAsia_000j", "migrationStage":"NotStarted", "server":"GENERAL0100001J"}}
{"logTime": "1103/065425", "correlationVector":"BpHAwVYqRVsKbgmBZRVy0j.2","action":"Commit Response", "result":"SYNCER_OK", "context":Result: SYNCER_OK. cV=BpHAwVYqRVsKbgmBZRVy0j.0;server=GENERAL0100001J;cloudType=Consumer;environment=Prod_SoutheastAsia_000j;migrationStage=NotStarted}
{"logTime": "1103/065537", "correlationVector":"fMNjihHX/HMKO/jxkWz7zs","action":"Commit Request", "result":"", "context":Item count: 1
Contributing types: Sessions}
{"logTime": "1103/065537", "correlationVector":"fMNjihHX/HMKO/jxkWz7zs.1","action":"SyncServerConnectionManagerRequest", "result":"SYNC_SERVER_OK", "context":{"environment":"Prod_SoutheastAsia_000j", "migrationStage":"NotStarted", "server":"GENERAL0100000W"}}
{"logTime": "1103/065537", "correlationVector":"fMNjihHX/HMKO/jxkWz7zs.2","action":"Commit Response", "result":"SYNCER_OK", "context":Result: SYNCER_OK. cV=fMNjihHX/HMKO/jxkWz7zs.0;server=GENERAL0100000W;cloudType=Consumer;environment=Prod_SoutheastAsia_000j;migrationStage=NotStarted}
{"logTime": "1103/065840", "correlationVector":"p+Dgm0sX2kbScbQW5fMaAf","action":"Commit Request", "result":"", "context":Item count: 1
Contributing types: Sessions}
{"logTime": "1103/065840", "correlationVector":"p+Dgm0sX2kbScbQW5fMaAf.1","action":"SyncServerConnectionManagerRequest", "result":"SYNC_SERVER_OK", "context":{"environment":"Prod_SoutheastAsia_000j", "migrationStage":"NotStarted", "server":"GENERAL0100000T"}}
{"logTime": "1103/065840", "correlationVector":"p+Dgm0sX2kbScbQW5fMaAf.2","action":"Commit Response", "result":"SYNCER_OK", "context":Result: SYNCER_OK. cV=p+Dgm0sX2kbScbQW5fMaAf.0;server=GENERAL0100000T;cloudType=Consumer;environment=Prod_SoutheastAsia_000j;migrationStage=NotStarted}
{"logTime": "1103/073227", "correlationVector":"Quj+QHx/0ZO3YurqIxYtEX","action":"Commit Request", "result":"", "context":Item count: 1
Contributing types: Sessions}
{"logTime": "1103/073227", "correlationVector":"Quj+QHx/0ZO3YurqIxYtEX.1","action":"SyncServerConnectionManagerRequest", "result":"SYNC_SERVER_OK", "context":{"environment":"Prod_SoutheastAsia_000j", "migrationStage":"NotStarted", "server":"GENERAL0100000O"}}
{"logTime": "1103/073227", "correlationVector":"Quj+QHx/0ZO3YurqIxYtEX.2","action":"Commit Response", "result":"SYNCER_OK", "context":Result: SYNCER_OK. cV=Quj+QHx/0ZO3YurqIxYtEX.0;server=GENERAL0100000O;cloudType=Consumer;environment=Prod_SoutheastAsia_000j;migrationStage=NotStarted}
{"logTime": "1103/073406", "correlationVector":"j3XvSLsfkMpo6J/1XXKVLp","action":"Commit Request", "result":"", "context":Item count: 1
Contributing types: Sessions}
{"logTime": "1103/073406", "correlationVector":"j3XvSLsfkMpo6J/1XXKVLp.1","action":"SyncServerConnectionManagerRequest", "result":"SYNC_SERVER_OK", "context":{"environment":"Prod_SoutheastAsia_000j", "migrationStage":"NotStarted", "server":"GENERAL0100000L"}}
{"logTime": "1103/073406", "correlationVector":"j3XvSLsfkMpo6J/1XXKVLp.2","action":"Commit Response", "result":"SYNCER_OK", "context":Result: SYNCER_OK. cV=j3XvSLsfkMpo6J/1XXKVLp.0;server=GENERAL0100000L;cloudType=Consumer;environment=Prod_SoutheastAsia_000j;migrationStage=NotStarted}
{"logTime": "1103/073656", "correlationVector":"gc57UR3tRYmOpqPYJg2CJw","action":"Commit Request", "result":"", "context":Item count: 1
Contributing types: Sessions}
{"logTime": "1103/073657", "correlationVector":"gc57UR3tRYmOpqPYJg2CJw.1","action":"SyncServerConnectionManagerRequest", "result":"SYNC_SERVER_OK", "context":{"environment":"Prod_SoutheastAsia_000j", "migrationStage":"NotStarted", "server":"GENERAL0100000D"}}
{"logTime": "1103/073657", "correlationVector":"gc57UR3tRYmOpqPYJg2CJw.2","action":"Commit Response", "result":"SYNCER_OK", "context":Result: SYNCER_OK. cV=gc57UR3tRYmOpqPYJg2CJw.0;server=GENERAL0100000D;cloudType=Consumer;environment=Prod_SoutheastAsia_000j;migrationStage=NotStarted}
{"logTime": "1103/073756", "correlationVector":"cazDgwdgw9iQZ8BwMBwk5f","action":"Commit Request", "result":"", "context":Item count: 1
Contributing types: Sessions}
{"logTime": "1103/073757", "correlationVector":"cazDgwdgw9iQZ8BwMBwk5f.1","action":"SyncServerConnectionManagerRequest", "result":"SYNC_SERVER_OK", "context":{"environment":"Prod_SoutheastAsia_000j", "migrationStage":"NotStarted", "server":"GENERAL01000019"}}
{"logTime": "1103/073757", "correlationVector":"cazDgwdgw9iQZ8BwMBwk5f.2","action":"Commit Response", "result":"SYNCER_OK", "context":Result: SYNCER_OK. cV=cazDgwdgw9iQZ8BwMBwk5f.0;server=GENERAL01000019;cloudType=Consumer;environment=Prod_SoutheastAsia_000j;migrationStage=NotStarted}
{"logTime": "1103/074446", "correlationVector":"QuMys8PkRGeu8zhRUaXCr+","action":"Commit Request", "result":"", "context":Item count: 1
Contributing types: Sessions}
{"logTime": "1103/074447", "correlationVector":"QuMys8PkRGeu8zhRUaXCr+.1","action":"SyncServerConnectionManagerRequest", "result":"SYNC_SERVER_OK", "context":{"environment":"Prod_SoutheastAsia_000j", "migrationStage":"NotStarted", "server":"GENERAL01000013"}}
{"logTime": "1103/074447", "correlationVector":"QuMys8PkRGeu8zhRUaXCr+.2","action":"Commit Response", "result":"SYNCER_OK", "context":Result: SYNCER_OK. cV=QuMys8PkRGeu8zhRUaXCr+.0;server=GENERAL01000013;cloudType=Consumer;environment=Prod_SoutheastAsia_000j;migrationStage=NotStarted}
{"logTime": "1103/074624", "correlationVector":"JguXNBdf8IXkpzUVfD9tB3","action":"Commit Request", "result":"", "context":Item count: 1
Contributing types: Sessions}
{"logTime": "1103/074625", "correlationVector":"JguXNBdf8IXkpzUVfD9tB3.1","action":"SyncServerConnectionManagerRequest", "result":"SYNC_SERVER_OK", "context":{"environment":"Prod_SoutheastAsia_000j", "migrationStage":"NotStarted", "server":"GENERAL0100001E"}}
{"logTime": "1103/074625", "correlationVector":"JguXNBdf8IXkpzUVfD9tB3.2","action":"Commit Response", "result":"SYNCER_OK", "context":Result: SYNCER_OK. cV=JguXNBdf8IXkpzUVfD9tB3.0;server=GENERAL0100001E;cloudType=Consumer;environment=Prod_SoutheastAsia_000j;migrationStage=NotStarted}
{"logTime": "1103/074730", "correlationVector":"u6bamjIQKjYmrJwiSHz+HM","action":"Commit Request", "result":"", "context":Item count: 1
Contributing types: Sessions}
{"logTime": "1103/074730", "correlationVector":"u6bamjIQKjYmrJwiSHz+HM.1","action":"SyncServerConnectionManagerRequest", "result":"SYNC_SERVER_OK", "context":{"environment":"Prod_SoutheastAsia_000j", "migrationStage":"NotStarted", "server":"GENERAL0100001J"}}
{"logTime": "1103/074730", "correlationVector":"u6bamjIQKjYmrJwiSHz+HM.2","action":"Commit Response", "result":"SYNCER_OK", "context":Result: SYNCER_OK. cV=u6bamjIQKjYmrJwiSHz+HM.0;server=GENERAL0100001J;cloudType=Consumer;environment=Prod_SoutheastAsia_000j;migrationStage=NotStarted}
{"logTime": "1103/075615", "correlationVector":"aTjfmE36Iev+cf4n/ZpACd","action":"Commit Request", "result":"", "context":Item count: 1
Contributing types: Sessions}
{"logTime": "1103/075616", "correlationVector":"aTjfmE36Iev+cf4n/ZpACd.1","action":"SyncServerConnectionManagerRequest", "result":"SYNC_SERVER_OK", "context":{"environment":"Prod_SoutheastAsia_000j", "migrationStage":"NotStarted", "server":"GENERAL01000008"}}
{"logTime": "1103/075616", "correlationVector":"aTjfmE36Iev+cf4n/ZpACd.2","action":"Commit Response", "result":"SYNCER_OK", "context":Result: SYNCER_OK. cV=aTjfmE36Iev+cf4n/ZpACd.0;server=GENERAL01000008;cloudType=Consumer;environment=Prod_SoutheastAsia_000j;migrationStage=NotStarted}
{"logTime": "1103/075822", "correlationVector":"FVyX6KD3NylC/Um/208O73","action":"Commit Request", "result":"", "context":Item count: 1
Contributing types: Sessions}
{"logTime": "1103/075822", "correlationVector":"FVyX6KD3NylC/Um/208O73.1","action":"SyncServerConnectionManagerRequest", "result":"SYNC_SERVER_OK", "context":{"environment":"Prod_SoutheastAsia_000j", "migrationStage":"NotStarted", "server":"GENERAL0100000B"}}
{"logTime": "1103/075822", "correlationVector":"FVyX6KD3NylC/Um/208O73.2","action":"Commit Response", "result":"SYNCER_OK", "context":Result: SYNCER_OK. cV=FVyX6KD3NylC/Um/208O73.0;server=GENERAL0100000B;cloudType=Consumer;environment=Prod_SoutheastAsia_000j;migrationStage=NotStarted}
{"logTime": "1103/081040", "correlationVector":"/khoyYYKpeSa+JYxxUH/M9","action":"Commit Request", "result":"", "context":Item count: 1
Contributing types: Sessions}
{"logTime": "1103/081040", "correlationVector":"/khoyYYKpeSa+JYxxUH/M9.1","action":"SyncServerConnectionManagerRequest", "result":"SYNC_SERVER_OK", "context":{"environment":"Prod_SoutheastAsia_000j", "migrationStage":"NotStarted", "server":"GENERAL0100000S"}}
{"logTime": "1103/081040", "correlationVector":"/khoyYYKpeSa+JYxxUH/M9.2","action":"Commit Response", "result":"SYNCER_OK", "context":Result: SYNCER_OK. cV=/khoyYYKpeSa+JYxxUH/M9.0;server=GENERAL0100000S;cloudType=Consumer;environment=Prod_SoutheastAsia_000j;migrationStage=NotStarted}
{"logTime": "1103/081225", "correlationVector":"mKKo3z68GUFIC9cy98gCDA.0","action":"FeedSettingFetch_homeCloud", "result":"0", "context":{}}
{"logTime": "1103/081225", "correlationVector":"Xu+M1gCMwAiJrC48n6XoGj.1","action":"SyncServerConnectionManagerRequest", "result":"SYNC_SERVER_OK", "context":{"environment":"Prod_SoutheastAsia_000j", "migrationStage":"NotStarted", "server":"GENERAL01000007"}}
{"logTime": "1103/081225", "correlationVector":"Xu+M1gCMwAiJrC48n6XoGj","action":"Initial GetUpdates", "result":"", "context":Reason: NEW_CLIENT. cV=Xu+M1gCMwAiJrC48n6XoGj}
{"logTime": "1103/081225", "correlationVector":"Xu+M1gCMwAiJrC48n6XoGj.2","action":"GetUpdates Response", "result":"SYNCER_OK", "context":Received 1 update(s). cV=Xu+M1gCMwAiJrC48n6XoGj.0;server=GENERAL01000007;cloudType=Consumer;environment=Prod_SoutheastAsia_000j;migrationStage=NotStarted}
{"logTime": "1103/081225", "correlationVector":"6Sjjj0zUKwJYkTZDZz1yjo","action":"Normal GetUpdate request", "result":"", "context":cV=6Sjjj0zUKwJYkTZDZz1yjo
Nudged types: Sessions, User Consents
Refresh requested types: Bookmarks, Preferences, Passwords, Autofill Profiles, Autofill, Autofill Custom Data, Typed URLs, Extensions, Sessions, Extension settings, History Delete Directives, Device Info, User Consents, Send Tab To Self, Web Apps, Collection, Edge E Drop, Edge Hub App Usage, Edge Wallet, Encryption Keys}
{"logTime": "1103/081225", "correlationVector":"6Sjjj0zUKwJYkTZDZz1yjo.1","action":"SyncServerConnectionManagerRequest", "result":"SYNC_SERVER_OK", "context":{"environment":"Prod_SoutheastAsia_000j", "migrationStage":"NotStarted", "server":"GENERAL0100001J"}}
{"logTime": "1103/081225", "correlationVector":"6Sjjj0zUKwJYkTZDZz1yjo.2","action":"GetUpdates Response", "result":"SYNCER_OK", "context":Received 2 update(s). cV=6Sjjj0zUKwJYkTZDZz1yjo.0;server=GENERAL0100001J;cloudType=Consumer;environment=Prod_SoutheastAsia_000j;migrationStage=NotStarted}
{"logTime": "1103/081225", "correlationVector":"6F2ibbnJNpVTYDBj+XshAb","action":"Commit Request", "result":"", "context":Item count: 4
Contributing types: Sessions, User Consents}
{"logTime": "1103/081225", "correlationVector":"6F2ibbnJNpVTYDBj+XshAb.1","action":"SyncServerConnectionManagerRequest", "result":"SYNC_SERVER_OK", "context":{"environment":"Prod_SoutheastAsia_000j", "migrationStage":"NotStarted", "server":"GENERAL0100000X"}}
{"logTime": "1103/081225", "correlationVector":"6F2ibbnJNpVTYDBj+XshAb.2","action":"Commit Response", "result":"SYNCER_OK", "context":Result: SYNCER_OK. cV=6F2ibbnJNpVTYDBj+XshAb.0;server=GENERAL0100000X;cloudType=Consumer;environment=Prod_SoutheastAsia_000j;migrationStage=NotStarted}
{"logTime": "1103/081225", "correlationVector":"6F2ibbnJNpVTYDBj+XshAb.3","action":"Commit.Sessions", "result":"Success", "context":{"id":"74ffdf40-2090-4213-b79c-de85e710b630", "isDeleted":"true", "size":"0", "version":"1698999040306"}}
{"logTime": "1103/081244", "correlationVector":"NBYMfjbS+oheqLn1FbU6xR","action":"SyncServerConnectionManagerRequest", "result":"SYNC_SERVER_OK", "context":{"environment":"", "migrationStage":"", "server":""}}
{"logTime": "1103/081244", "correlationVector":"N+KA2xljnmXrl2qZjfUhgp","action":"Normal GetUpdate request", "result":"", "context":cV=N+KA2xljnmXrl2qZjfUhgp
Nudged types: Sessions}
{"logTime": "1103/081244", "correlationVector":"N+KA2xljnmXrl2qZjfUhgp.1","action":"SyncServerConnectionManagerRequest", "result":"SYNC_SERVER_OK", "context":{"environment":"Prod_SoutheastAsia_000j", "migrationStage":"NotStarted", "server":"GENERAL0100001E"}}
{"logTime": "1103/081244", "correlationVector":"N+KA2xljnmXrl2qZjfUhgp.2","action":"GetUpdates", "result":"DeleteReceived", "context":{"id":"74ffdf40-2090-4213-b79c-de85e710b630", "isDeleted:":"true", "version":"1698999133392"}}
{"logTime": "1103/081244", "correlationVector":"N+KA2xljnmXrl2qZjfUhgp.3","action":"GetUpdates Response", "result":"SYNCER_OK", "context":Received 3 update(s). cV=N+KA2xljnmXrl2qZjfUhgp.0;server=GENERAL0100001E;cloudType=Consumer;environment=Prod_SoutheastAsia_000j;migrationStage=NotStarted}
{"logTime": "1103/081244", "correlationVector":"iukP+yYnlWz2ZDgE2Mhy9v","action":"Commit Request", "result":"", "context":Item count: 1
Contributing types: Sessions}
{"logTime": "1103/081245", "correlationVector":"iukP+yYnlWz2ZDgE2Mhy9v.1","action":"SyncServerConnectionManagerRequest", "result":"SYNC_SERVER_OK", "context":{"environment":"Prod_SoutheastAsia_000j", "migrationStage":"NotStarted", "server":"GENERAL0100001B"}}
{"logTime": "1103/081245", "correlationVector":"iukP+yYnlWz2ZDgE2Mhy9v.2","action":"Commit Response", "result":"SYNCER_OK", "context":Result: SYNCER_OK. cV=iukP+yYnlWz2ZDgE2Mhy9v.0;server=GENERAL0100001B;cloudType=Consumer;environment=Prod_SoutheastAsia_000j;migrationStage=NotStarted}
{"logTime": "1103/081245", "correlationVector":"Befu16gZy1AkFpXryIYTHQ","action":"Normal GetUpdate request", "result":"", "context":cV=Befu16gZy1AkFpXryIYTHQ
Nudged types: Sessions
Refresh requested types: Bookmarks, Preferences, Passwords, Autofill Profiles, Autofill, Autofill Custom Data, Typed URLs, Extensions, Sessions, Extension settings, History Delete Directives, Device Info, User Consents, Send Tab To Self, Web Apps, Collection, Edge E Drop, Edge Hub App Usage, Edge Wallet, Encryption Keys}
{"logTime": "1103/081245", "correlationVector":"Befu16gZy1AkFpXryIYTHQ.1","action":"SyncServerConnectionManagerRequest", "result":"SYNC_SERVER_OK", "context":{"environment":"Prod_SoutheastAsia_000j", "migrationStage":"NotStarted", "server":"GENERAL0100000U"}}
{"logTime": "1103/081245", "correlationVector":"Befu16gZy1AkFpXryIYTHQ.2","action":"GetUpdates Response", "result":"SYNCER_OK", "context":Received 1 update(s). cV=Befu16gZy1AkFpXryIYTHQ.0;server=GENERAL0100000U;cloudType=Consumer;environment=Prod_SoutheastAsia_000j;migrationStage=NotStarted}
{"logTime": "1103/081314", "correlationVector":"hvUEu0fRaN2lpAumMuOcTg","action":"Commit Request", "result":"", "context":Item count: 1
Contributing types: Sessions}
{"logTime": "1103/081314", "correlationVector":"hvUEu0fRaN2lpAumMuOcTg.1","action":"SyncServerConnectionManagerRequest", "result":"SYNC_SERVER_OK", "context":{"environment":"Prod_SoutheastAsia_000j", "migrationStage":"NotStarted", "server":"GENERAL0100000I"}}
{"logTime": "1103/081314", "correlationVector":"hvUEu0fRaN2lpAumMuOcTg.2","action":"Commit Response", "result":"SYNCER_OK", "context":Result: SYNCER_OK. cV=hvUEu0fRaN2lpAumMuOcTg.0;server=GENERAL0100000I;cloudType=Consumer;environment=Prod_SoutheastAsia_000j;migrationStage=NotStarted}
{"logTime": "1103/081357", "correlationVector":"+VD+2r4Z+KPDCfqpC/YgtJ","action":"Commit Request", "result":"", "context":Item count: 1
Contributing types: Sessions}
{"logTime": "1103/081358", "correlationVector":"+VD+2r4Z+KPDCfqpC/YgtJ.1","action":"SyncServerConnectionManagerRequest", "result":"SYNC_SERVER_OK", "context":{"environment":"Prod_SoutheastAsia_000j", "migrationStage":"NotStarted", "server":"GENERAL0100001G"}}
{"logTime": "1103/081358", "correlationVector":"+VD+2r4Z+KPDCfqpC/YgtJ.2","action":"Commit Response", "result":"SYNCER_OK", "context":Result: SYNCER_OK. cV=+VD+2r4Z+KPDCfqpC/YgtJ.0;server=GENERAL0100001G;cloudType=Consumer;environment=Prod_SoutheastAsia_000j;migrationStage=NotStarted}
{"logTime": "1103/081523", "correlationVector":"YZPKc4wqK53LB0oVQM1bjB","action":"Commit Request", "result":"", "context":Item count: 1
Contributing types: Sessions}
{"logTime": "1103/081523", "correlationVector":"YZPKc4wqK53LB0oVQM1bjB.1","action":"SyncServerConnectionManagerRequest", "result":"SYNC_SERVER_OK", "context":{"environment":"Prod_SoutheastAsia_000j", "migrationStage":"NotStarted", "server":"GENERAL0100001G"}}
{"logTime": "1103/081523", "correlationVector":"YZPKc4wqK53LB0oVQM1bjB.2","action":"Commit Response", "result":"SYNCER_OK", "context":Result: SYNCER_OK. cV=YZPKc4wqK53LB0oVQM1bjB.0;server=GENERAL0100001G;cloudType=Consumer;environment=Prod_SoutheastAsia_000j;migrationStage=NotStarted}
{"logTime": "1103/081812", "correlationVector":"rYGlpmHRy75fS+yPKTXcgK","action":"Commit Request", "result":"", "context":Item count: 1
Contributing types: Sessions}
{"logTime": "1103/081812", "correlationVector":"rYGlpmHRy75fS+yPKTXcgK.1","action":"SyncServerConnectionManagerRequest", "result":"SYNC_SERVER_OK", "context":{"environment":"Prod_SoutheastAsia_000j", "migrationStage":"NotStarted", "server":"GENERAL0100000W"}}
{"logTime": "1103/081812", "correlationVector":"rYGlpmHRy75fS+yPKTXcgK.2","action":"Commit Response", "result":"SYNCER_OK", "context":Result: SYNCER_OK. cV=rYGlpmHRy75fS+yPKTXcgK.0;server=GENERAL0100000W;cloudType=Consumer;environment=Prod_SoutheastAsia_000j;migrationStage=NotStarted}
{"logTime": "1103/082056", "correlationVector":"WWX0uh2WiWtiiILARmWmUH","action":"Commit Request", "result":"", "context":Item count: 1
Contributing types: Sessions}
{"logTime": "1103/082057", "correlationVector":"WWX0uh2WiWtiiILARmWmUH.1","action":"SyncServerConnectionManagerRequest", "result":"SYNC_SERVER_OK", "context":{"environment":"Prod_SoutheastAsia_000j", "migrationStage":"NotStarted", "server":"GENERAL0100000W"}}
{"logTime": "1103/082057", "correlationVector":"WWX0uh2WiWtiiILARmWmUH.2","action":"Commit Response", "result":"SYNCER_OK", "context":Result: SYNCER_OK. cV=WWX0uh2WiWtiiILARmWmUH.0;server=GENERAL0100000W;cloudType=Consumer;environment=Prod_SoutheastAsia_000j;migrationStage=NotStarted}
{"logTime": "1103/101233", "correlationVector":"l+a9dIqK/LYdkY603t6U3+.0","action":"FeedSettingFetch_homeCloud", "result":"0", "context":{}}
{"logTime": "1103/101234", "correlationVector":"lpSYIlP9t6CVbWbkAa7W0d.1","action":"SyncServerConnectionManagerRequest", "result":"SYNC_SERVER_OK", "context":{"environment":"Prod_SoutheastAsia_000j", "migrationStage":"NotStarted", "server":"GENERAL0100000S"}}
{"logTime": "1103/101234", "correlationVector":"lpSYIlP9t6CVbWbkAa7W0d","action":"Initial GetUpdates", "result":"", "context":Reason: NEW_CLIENT. cV=lpSYIlP9t6CVbWbkAa7W0d}
{"logTime": "1103/101234", "correlationVector":"lpSYIlP9t6CVbWbkAa7W0d.2","action":"GetUpdates Response", "result":"SYNCER_OK", "context":Received 1 update(s). cV=lpSYIlP9t6CVbWbkAa7W0d.0;server=GENERAL0100000S;cloudType=Consumer;environment=Prod_SoutheastAsia_000j;migrationStage=NotStarted}
{"logTime": "1103/101235", "correlationVector":"LeLKapsLkhnQu8JmAtbicN","action":"Normal GetUpdate request", "result":"", "context":cV=LeLKapsLkhnQu8JmAtbicN
Nudged types: Sessions, User Consents
Refresh requested types: Bookmarks, Preferences, Passwords, Autofill Profiles, Autofill, Autofill Custom Data, Typed URLs, Extensions, Sessions, Extension settings, History Delete Directives, Device Info, User Consents, Send Tab To Self, Web Apps, Collection, Edge E Drop, Edge Hub App Usage, Edge Wallet, Encryption Keys}
{"logTime": "1103/101235", "correlationVector":"LeLKapsLkhnQu8JmAtbicN.1","action":"SyncServerConnectionManagerRequest", "result":"SYNC_SERVER_OK", "context":{"environment":"Prod_SoutheastAsia_000j", "migrationStage":"NotStarted", "server":"GENERAL0100001E"}}
{"logTime": "1103/101235", "correlationVector":"LeLKapsLkhnQu8JmAtbicN.2","action":"GetUpdates Response", "result":"SYNCER_OK", "context":Received 1 update(s). cV=LeLKapsLkhnQu8JmAtbicN.0;server=GENERAL0100001E;cloudType=Consumer;environment=Prod_SoutheastAsia_000j;migrationStage=NotStarted}
{"logTime": "1103/101236", "correlationVector":"nSd96oVrjsz/RJiCDTVuyv","action":"Commit Request", "result":"", "context":Item count: 4
Contributing types: Sessions, User Consents}
{"logTime": "1103/101244", "correlationVector":"nSd96oVrjsz/RJiCDTVuyv.1","action":"SyncServerConnectionManagerRequest", "result":"SYNC_SERVER_OK", "context":{"environment":"Prod_SoutheastAsia_000j", "migrationStage":"NotStarted", "server":"GENERAL0100000O"}}
{"logTime": "1103/101244", "correlationVector":"nSd96oVrjsz/RJiCDTVuyv.2","action":"Commit Response", "result":"SYNCER_OK", "context":Result: SYNCER_OK. cV=nSd96oVrjsz/RJiCDTVuyv.0;server=GENERAL0100000O;cloudType=Consumer;environment=Prod_SoutheastAsia_000j;migrationStage=NotStarted}
{"logTime": "1103/101244", "correlationVector":"nSd96oVrjsz/RJiCDTVuyv.3","action":"Commit.Sessions", "result":"Success", "context":{"id":"c23addb7-cff6-4b88-b282-6fa4de572eca", "isDeleted":"true", "size":"0", "version":"1698999656963"}}
{"logTime": "1103/101300", "correlationVector":"lE+vgyU8MPjdizg6owlAwi","action":"SyncServerConnectionManagerRequest", "result":"SYNC_SERVER_OK", "context":{"environment":"", "migrationStage":"", "server":""}}
{"logTime": "1103/101301", "correlationVector":"4kdcgADvb3RHOljxXVU/TB","action":"Normal GetUpdate request", "result":"", "context":cV=4kdcgADvb3RHOljxXVU/TB
Nudged types: Sessions}
{"logTime": "1103/101307", "correlationVector":"4kdcgADvb3RHOljxXVU/TB.1","action":"SyncServerConnectionManagerRequest", "result":"SYNC_SERVER_OK", "context":{"environment":"Prod_SoutheastAsia_000j", "migrationStage":"NotStarted", "server":"GENERAL01000015"}}
{"logTime": "1103/101307", "correlationVector":"4kdcgADvb3RHOljxXVU/TB.2","action":"GetUpdates", "result":"DeleteReceived", "context":{"id":"c23addb7-cff6-4b88-b282-6fa4de572eca", "isDeleted:":"true", "version":"1699006350854"}}
{"logTime": "1103/101307", "correlationVector":"4kdcgADvb3RHOljxXVU/TB.3","action":"GetUpdates Response", "result":"SYNCER_OK", "context":Received 3 update(s). cV=4kdcgADvb3RHOljxXVU/TB.0;server=GENERAL01000015;cloudType=Consumer;environment=Prod_SoutheastAsia_000j;migrationStage=NotStarted}
{"logTime": "1103/101307", "correlationVector":"MbRVgadJ3kN6vIERlUd5ks","action":"Commit Request", "result":"", "context":Item count: 1
Contributing types: Sessions}
{"logTime": "1103/101310", "correlationVector":"MbRVgadJ3kN6vIERlUd5ks.1","action":"SyncServerConnectionManagerRequest", "result":"SYNC_SERVER_OK", "context":{"environment":"Prod_SoutheastAsia_000j", "migrationStage":"NotStarted", "server":"GENERAL0100001A"}}
{"logTime": "1103/101310", "correlationVector":"MbRVgadJ3kN6vIERlUd5ks.2","action":"Commit Response", "result":"SYNCER_OK", "context":Result: SYNCER_OK. cV=MbRVgadJ3kN6vIERlUd5ks.0;server=GENERAL0100001A;cloudType=Consumer;environment=Prod_SoutheastAsia_000j;migrationStage=NotStarted}
{"logTime": "1103/101310", "correlationVector":"Rwg7P/TOsALVl+oy4YLAex","action":"Normal GetUpdate request", "result":"", "context":cV=Rwg7P/TOsALVl+oy4YLAex
Nudged types: Sessions
Refresh requested types: Bookmarks, Preferences, Passwords, Autofill Profiles, Autofill, Autofill Custom Data, Typed URLs, Extensions, Sessions, Extension settings, History Delete Directives, Device Info, User Consents, Send Tab To Self, Web Apps, Collection, Edge E Drop, Edge Hub App Usage, Edge Wallet, Encryption Keys}
{"logTime": "1103/101310", "correlationVector":"Rwg7P/TOsALVl+oy4YLAex.1","action":"SyncServerConnectionManagerRequest", "result":"SYNC_SERVER_OK", "context":{"environment":"Prod_SoutheastAsia_000j", "migrationStage":"NotStarted", "server":"GENERAL0100001A"}}
{"logTime": "1103/101310", "correlationVector":"Rwg7P/TOsALVl+oy4YLAex.2","action":"GetUpdates Response", "result":"SYNCER_OK", "context":Received 1 update(s). cV=Rwg7P/TOsALVl+oy4YLAex.0;server=GENERAL0100001A;cloudType=Consumer;environment=Prod_SoutheastAsia_000j;migrationStage=NotStarted}
{"logTime": "1103/101543", "correlationVector":"FC+MFkZ3b1OVB7jTovIP4j","action":"Commit Request", "result":"", "context":Item count: 1
Contributing types: Sessions}
{"logTime": "1103/101543", "correlationVector":"FC+MFkZ3b1OVB7jTovIP4j.1","action":"SyncServerConnectionManagerRequest", "result":"SYNC_SERVER_OK", "context":{"environment":"Prod_SoutheastAsia_000j", "migrationStage":"NotStarted", "server":"GENERAL0100000B"}}
{"logTime": "1103/101543", "correlationVector":"FC+MFkZ3b1OVB7jTovIP4j.2","action":"Commit Response", "result":"SYNCER_OK", "context":Result: SYNCER_OK. cV=FC+MFkZ3b1OVB7jTovIP4j.0;server=GENERAL0100000B;cloudType=Consumer;environment=Prod_SoutheastAsia_000j;migrationStage=NotStarted}
{"logTime": "1103/102125", "correlationVector":"7Mvf39U1PNIqqJrT9lWwfE","action":"Commit Request", "result":"", "context":Item count: 1
Contributing types: Sessions}
{"logTime": "1103/102126", "correlationVector":"7Mvf39U1PNIqqJrT9lWwfE.1","action":"SyncServerConnectionManagerRequest", "result":"SYNC_SERVER_OK", "context":{"environment":"Prod_SoutheastAsia_000j", "migrationStage":"NotStarted", "server":"GENERAL0100000D"}}
{"logTime": "1103/102126", "correlationVector":"7Mvf39U1PNIqqJrT9lWwfE.2","action":"Commit Response", "result":"SYNCER_OK", "context":Result: SYNCER_OK. cV=7Mvf39U1PNIqqJrT9lWwfE.0;server=GENERAL0100000D;cloudType=Consumer;environment=Prod_SoutheastAsia_000j;migrationStage=NotStarted}
{"logTime": "1103/102410", "correlationVector":"6MJoSaIE9VN5Us8DxoDpqa.0","action":"FeedSettingFetch_homeCloud", "result":"0", "context":{}}
{"logTime": "1103/102410", "correlationVector":"qot1D15ZVzDXxvHFjrMNW9.1","action":"SyncServerConnectionManagerRequest", "result":"SYNC_SERVER_OK", "context":{"environment":"Prod_SoutheastAsia_000j", "migrationStage":"NotStarted", "server":"GENERAL0100000I"}}
{"logTime": "1103/102410", "correlationVector":"qot1D15ZVzDXxvHFjrMNW9","action":"Initial GetUpdates", "result":"", "context":Reason: NEW_CLIENT. cV=qot1D15ZVzDXxvHFjrMNW9}
{"logTime": "1103/102410", "correlationVector":"qot1D15ZVzDXxvHFjrMNW9.2","action":"GetUpdates Response", "result":"SYNCER_OK", "context":Received 1 update(s). cV=qot1D15ZVzDXxvHFjrMNW9.0;server=GENERAL0100000I;cloudType=Consumer;environment=Prod_SoutheastAsia_000j;migrationStage=NotStarted}
{"logTime": "1103/102410", "correlationVector":"6d6uYfEzgyiJ1JQYms8kmB","action":"Normal GetUpdate request", "result":"", "context":cV=6d6uYfEzgyiJ1JQYms8kmB
Nudged types: Sessions, User Consents
Refresh requested types: Bookmarks, Preferences, Passwords, Autofill Profiles, Autofill, Autofill Custom Data, Typed URLs, Extensions, Sessions, Extension settings, History Delete Directives, Device Info, User Consents, Send Tab To Self, Web Apps, Collection, Edge E Drop, Edge Hub App Usage, Edge Wallet, Encryption Keys}
{"logTime": "1103/102410", "correlationVector":"6d6uYfEzgyiJ1JQYms8kmB.1","action":"SyncServerConnectionManagerRequest", "result":"SYNC_SERVER_OK", "context":{"environment":"Prod_SoutheastAsia_000j", "migrationStage":"NotStarted", "server":"GENERAL0100001E"}}
{"logTime": "1103/102410", "correlationVector":"6d6uYfEzgyiJ1JQYms8kmB.2","action":"GetUpdates Response", "result":"SYNCER_OK", "context":Received 1 update(s). cV=6d6uYfEzgyiJ1JQYms8kmB.0;server=GENERAL0100001E;cloudType=Consumer;environment=Prod_SoutheastAsia_000j;migrationStage=NotStarted}
{"logTime": "1103/102410", "correlationVector":"YgADoYu4wF+rBsRqBZIszd","action":"Commit Request", "result":"", "context":Item count: 4
Contributing types: Sessions, User Consents}
{"logTime": "1103/102410", "correlationVector":"YgADoYu4wF+rBsRqBZIszd.1","action":"SyncServerConnectionManagerRequest", "result":"SYNC_SERVER_OK", "context":{"environment":"Prod_SoutheastAsia_000j", "migrationStage":"NotStarted", "server":"GENERAL0100000J"}}
{"logTime": "1103/102410", "correlationVector":"YgADoYu4wF+rBsRqBZIszd.2","action":"Commit Response", "result":"SYNCER_OK", "context":Result: SYNCER_OK. cV=YgADoYu4wF+rBsRqBZIszd.0;server=GENERAL0100000J;cloudType=Consumer;environment=Prod_SoutheastAsia_000j;migrationStage=NotStarted}
{"logTime": "1103/102410", "correlationVector":"YgADoYu4wF+rBsRqBZIszd.3","action":"Commit.Sessions", "result":"Success", "context":{"id":"9ecd424a-7c9d-4305-816b-aaf5c156a60e", "isDeleted":"true", "size":"0", "version":"1699006886962"}}
{"logTime": "1103/102430", "correlationVector":"Ik6B0l/Bc/8JIR5eWRCl4g","action":"SyncServerConnectionManagerRequest", "result":"SYNC_SERVER_OK", "context":{"environment":"", "migrationStage":"", "server":""}}
{"logTime": "1103/102430", "correlationVector":"aoKeiFMKitgi7X0i9JaAeB","action":"Normal GetUpdate request", "result":"", "context":cV=aoKeiFMKitgi7X0i9JaAeB
Nudged types: Sessions}
{"logTime": "1103/102431", "correlationVector":"aoKeiFMKitgi7X0i9JaAeB.1","action":"SyncServerConnectionManagerRequest", "result":"SYNC_SERVER_OK", "context":{"environment":"Prod_SoutheastAsia_000j", "migrationStage":"NotStarted", "server":"GENERAL0100000L"}}
{"logTime": "1103/102431", "correlationVector":"aoKeiFMKitgi7X0i9JaAeB.2","action":"GetUpdates", "result":"DeleteReceived", "context":{"id":"9ecd424a-7c9d-4305-816b-aaf5c156a60e", "isDeleted:":"true", "version":"1699007040485"}}
{"logTime": "1103/102431", "correlationVector":"aoKeiFMKitgi7X0i9JaAeB.3","action":"GetUpdates Response", "result":"SYNCER_OK", "context":Received 3 update(s). cV=aoKeiFMKitgi7X0i9JaAeB.0;server=GENERAL0100000L;cloudType=Consumer;environment=Prod_SoutheastAsia_000j;migrationStage=NotStarted}
{"logTime": "1103/102431", "correlationVector":"sBLcz/6j2eSQgxPkvCjQJZ","action":"Commit Request", "result":"", "context":Item count: 1
Contributing types: Sessions}
{"logTime": "1103/102431", "correlationVector":"sBLcz/6j2eSQgxPkvCjQJZ.1","action":"SyncServerConnectionManagerRequest", "result":"SYNC_SERVER_OK", "context":{"environment":"Prod_SoutheastAsia_000j", "migrationStage":"NotStarted", "server":"GENERAL0100000T"}}
{"logTime": "1103/102431", "correlationVector":"sBLcz/6j2eSQgxPkvCjQJZ.2","action":"Commit Response", "result":"SYNCER_OK", "context":Result: SYNCER_OK. cV=sBLcz/6j2eSQgxPkvCjQJZ.0;server=GENERAL0100000T;cloudType=Consumer;environment=Prod_SoutheastAsia_000j;migrationStage=NotStarted}
{"logTime": "1103/102431", "correlationVector":"YiA5PRC9UZ3D3BZ5jsoiaV","action":"Normal GetUpdate request", "result":"", "context":cV=YiA5PRC9UZ3D3BZ5jsoiaV
Nudged types: Sessions
Refresh requested types: Bookmarks, Preferences, Passwords, Autofill Profiles, Autofill, Autofill Custom Data, Typed URLs, Extensions, Sessions, Extension settings, History Delete Directives, Device Info, User Consents, Send Tab To Self, Web Apps, Collection, Edge E Drop, Edge Hub App Usage, Edge Wallet, Encryption Keys}
{"logTime": "1103/102431", "correlationVector":"YiA5PRC9UZ3D3BZ5jsoiaV.1","action":"SyncServerConnectionManagerRequest", "result":"SYNC_SERVER_OK", "context":{"environment":"Prod_SoutheastAsia_000j", "migrationStage":"NotStarted", "server":"GENERAL01000014"}}
{"logTime": "1103/102431", "correlationVector":"YiA5PRC9UZ3D3BZ5jsoiaV.2","action":"GetUpdates Response", "result":"SYNCER_OK", "context":Received 1 update(s). cV=YiA5PRC9UZ3D3BZ5jsoiaV.0;server=GENERAL01000014;cloudType=Consumer;environment=Prod_SoutheastAsia_000j;migrationStage=NotStarted}
{"logTime": "1103/102500", "correlationVector":"g69ww3ZdOC6rQSfrSz53W4","action":"Commit Request", "result":"", "context":Item count: 1
Contributing types: Sessions}
{"logTime": "1103/102501", "correlationVector":"g69ww3ZdOC6rQSfrSz53W4.1","action":"SyncServerConnectionManagerRequest", "result":"SYNC_SERVER_OK", "context":{"environment":"Prod_SoutheastAsia_000j", "migrationStage":"NotStarted", "server":"GENERAL0100000G"}}
{"logTime": "1103/102501", "correlationVector":"g69ww3ZdOC6rQSfrSz53W4.2","action":"Commit Response", "result":"SYNCER_OK", "context":Result: SYNCER_OK. cV=g69ww3ZdOC6rQSfrSz53W4.0;server=GENERAL0100000G;cloudType=Consumer;environment=Prod_SoutheastAsia_000j;migrationStage=NotStarted}
{"logTime": "1103/104142", "correlationVector":"z45HZjkde/EchS2PdGSAap.0","action":"FeedSettingFetch_homeCloud", "result":"0", "context":{}}
{"logTime": "1103/104142", "correlationVector":"HJ11CGxmFnkMth8q99YU2s.1","action":"SyncServerConnectionManagerRequest", "result":"SYNC_SERVER_OK", "context":{"environment":"Prod_SoutheastAsia_000j", "migrationStage":"NotStarted", "server":"GENERAL0100001A"}}
{"logTime": "1103/104142", "correlationVector":"HJ11CGxmFnkMth8q99YU2s","action":"Initial GetUpdates", "result":"", "context":Reason: NEW_CLIENT. cV=HJ11CGxmFnkMth8q99YU2s}
{"logTime": "1103/104142", "correlationVector":"HJ11CGxmFnkMth8q99YU2s.2","action":"GetUpdates Response", "result":"SYNCER_OK", "context":Received 1 update(s). cV=HJ11CGxmFnkMth8q99YU2s.0;server=GENERAL0100001A;cloudType=Consumer;environment=Prod_SoutheastAsia_000j;migrationStage=NotStarted}
{"logTime": "1103/104142", "correlationVector":"cFOzPt+ajqIlj44YyzPNdR","action":"SyncServerConnectionManagerRequest", "result":"SYNC_SERVER_OK", "context":{"environment":"", "migrationStage":"", "server":""}}
{"logTime": "1103/104142", "correlationVector":"fvgdz1Tqj1vHEGYX+QjKtK","action":"Normal GetUpdate request", "result":"", "context":cV=fvgdz1Tqj1vHEGYX+QjKtK
Nudged types: Sessions, User Consents
Refresh requested types: Bookmarks, Preferences, Passwords, Autofill Profiles, Autofill, Autofill Custom Data, Typed URLs, Extensions, Sessions, Extension settings, History Delete Directives, Device Info, User Consents, Send Tab To Self, Web Apps, Collection, Edge E Drop, Edge Hub App Usage, Edge Wallet, Encryption Keys}
{"logTime": "1103/104142", "correlationVector":"fvgdz1Tqj1vHEGYX+QjKtK.1","action":"SyncServerConnectionManagerRequest", "result":"SYNC_SERVER_OK", "context":{"environment":"Prod_SoutheastAsia_000j", "migrationStage":"NotStarted", "server":"GENERAL0100000F"}}
{"logTime": "1103/104142", "correlationVector":"fvgdz1Tqj1vHEGYX+QjKtK.2","action":"GetUpdates Response", "result":"SYNCER_OK", "context":Received 1 update(s). cV=fvgdz1Tqj1vHEGYX+QjKtK.0;server=GENERAL0100000F;cloudType=Consumer;environment=Prod_SoutheastAsia_000j;migrationStage=NotStarted}
{"logTime": "1103/104142", "correlationVector":"JhiOpds9mlx5SgzPVKGNsP","action":"Commit Request", "result":"", "context":Item count: 4
Contributing types: Sessions, User Consents}
{"logTime": "1103/104142", "correlationVector":"JhiOpds9mlx5SgzPVKGNsP.1","action":"SyncServerConnectionManagerRequest", "result":"SYNC_SERVER_OK", "context":{"environment":"Prod_SoutheastAsia_000j", "migrationStage":"NotStarted", "server":"GENERAL01000002"}}
{"logTime": "1103/104142", "correlationVector":"JhiOpds9mlx5SgzPVKGNsP.2","action":"Commit Response", "result":"SYNCER_OK", "context":Result: SYNCER_OK. cV=JhiOpds9mlx5SgzPVKGNsP.0;server=GENERAL01000002;cloudType=Consumer;environment=Prod_SoutheastAsia_000j;migrationStage=NotStarted}
{"logTime": "1103/104142", "correlationVector":"JhiOpds9mlx5SgzPVKGNsP.3","action":"Commit.Sessions", "result":"Success", "context":{"id":"bb966378-6f13-4fce-8245-3c37f9b23751", "isDeleted":"true", "size":"0", "version":"1699007101657"}}
{"logTime": "1103/104142", "correlationVector":"7ZPJ3cbKCQUyHMJX64gIo3","action":"Normal GetUpdate request", "result":"", "context":cV=7ZPJ3cbKCQUyHMJX64gIo3
Nudged types: Sessions
Refresh requested types: Bookmarks, Preferences, Passwords, Autofill Profiles, Autofill, Autofill Custom Data, Typed URLs, Extensions, Sessions, Extension settings, History Delete Directives, Device Info, User Consents, Send Tab To Self, Web Apps, Collection, Edge E Drop, Edge Hub App Usage, Edge Wallet, Encryption Keys}
{"logTime": "1103/104142", "correlationVector":"7ZPJ3cbKCQUyHMJX64gIo3.1","action":"SyncServerConnectionManagerRequest", "result":"SYNC_SERVER_OK", "context":{"environment":"Prod_SoutheastAsia_000j", "migrationStage":"NotStarted", "server":"GENERAL0100000P"}}
{"logTime": "1103/104142", "correlationVector":"7ZPJ3cbKCQUyHMJX64gIo3.2","action":"GetUpdates", "result":"DeleteReceived", "context":{"id":"bb966378-6f13-4fce-8245-3c37f9b23751", "isDeleted:":"true", "version":"1699008092211"}}
{"logTime": "1103/104142", "correlationVector":"7ZPJ3cbKCQUyHMJX64gIo3.3","action":"GetUpdates Response", "result":"SYNCER_OK", "context":Received 3 update(s). cV=7ZPJ3cbKCQUyHMJX64gIo3.0;server=GENERAL0100000P;cloudType=Consumer;environment=Prod_SoutheastAsia_000j;migrationStage=NotStarted}
{"logTime": "1103/104208", "correlationVector":"hzgbonED8zd9CWJSTf3PHf","action":"Normal GetUpdate request", "result":"", "context":cV=hzgbonED8zd9CWJSTf3PHf
Nudged types: Sessions}
{"logTime": "1103/104208", "correlationVector":"hzgbonED8zd9CWJSTf3PHf.1","action":"SyncServerConnectionManagerRequest", "result":"SYNC_SERVER_OK", "context":{"environment":"Prod_SoutheastAsia_000j", "migrationStage":"NotStarted", "server":"GENERAL0100000V"}}
{"logTime": "1103/104208", "correlationVector":"hzgbonED8zd9CWJSTf3PHf.2","action":"GetUpdates Response", "result":"SYNCER_OK", "context":Received 0 update(s). cV=hzgbonED8zd9CWJSTf3PHf.0;server=GENERAL0100000V;cloudType=Consumer;environment=Prod_SoutheastAsia_000j;migrationStage=NotStarted}
{"logTime": "1103/104208", "correlationVector":"20W9cTOW4T3iFa9hTSihCU","action":"Commit Request", "result":"", "context":Item count: 1
Contributing types: Sessions}
{"logTime": "1103/104208", "correlationVector":"20W9cTOW4T3iFa9hTSihCU.1","action":"SyncServerConnectionManagerRequest", "result":"SYNC_SERVER_OK", "context":{"environment":"Prod_SoutheastAsia_000j", "migrationStage":"NotStarted", "server":"GENERAL0100000K"}}
{"logTime": "1103/104208", "correlationVector":"20W9cTOW4T3iFa9hTSihCU.2","action":"Commit Response", "result":"SYNCER_OK", "context":Result: SYNCER_OK. cV=20W9cTOW4T3iFa9hTSihCU.0;server=GENERAL0100000K;cloudType=Consumer;environment=Prod_SoutheastAsia_000j;migrationStage=NotStarted}
{"logTime": "1103/104238", "correlationVector":"Q/mgbv2TUKOziEVSyQ2Ow2","action":"Commit Request", "result":"", "context":Item count: 1
Contributing types: Sessions}
{"logTime": "1103/104239", "correlationVector":"Q/mgbv2TUKOziEVSyQ2Ow2.1","action":"SyncServerConnectionManagerRequest", "result":"SYNC_SERVER_OK", "context":{"environment":"Prod_SoutheastAsia_000j", "migrationStage":"NotStarted", "server":"GENERAL01000016"}}
{"logTime": "1103/104239", "correlationVector":"Q/mgbv2TUKOziEVSyQ2Ow2.2","action":"Commit Response", "result":"SYNCER_OK", "context":Result: SYNCER_OK. cV=Q/mgbv2TUKOziEVSyQ2Ow2.0;server=GENERAL01000016;cloudType=Consumer;environment=Prod_SoutheastAsia_000j;migrationStage=NotStarted}
{"logTime": "1103/104331", "correlationVector":"kVMPJUiI2gjhakUy/Y3BR7","action":"Commit Request", "result":"", "context":Item count: 1
Contributing types: Sessions}
{"logTime": "1103/104332", "correlationVector":"kVMPJUiI2gjhakUy/Y3BR7.1","action":"SyncServerConnectionManagerRequest", "result":"SYNC_SERVER_OK", "context":{"environment":"Prod_SoutheastAsia_000j", "migrationStage":"NotStarted", "server":"GENERAL0100000I"}}
{"logTime": "1103/104332", "correlationVector":"kVMPJUiI2gjhakUy/Y3BR7.2","action":"Commit Response", "result":"SYNCER_OK", "context":Result: SYNCER_OK. cV=kVMPJUiI2gjhakUy/Y3BR7.0;server=GENERAL0100000I;cloudType=Consumer;environment=Prod_SoutheastAsia_000j;migrationStage=NotStarted}
{"logTime": "1103/104433", "correlationVector":"7hdpU9FrzUnFD4ijd/yQvL","action":"Commit Request", "result":"", "context":Item count: 1
Contributing types: Sessions}
{"logTime": "1103/104433", "correlationVector":"7hdpU9FrzUnFD4ijd/yQvL.1","action":"SyncServerConnectionManagerRequest", "result":"SYNC_SERVER_OK", "context":{"environment":"Prod_SoutheastAsia_000j", "migrationStage":"NotStarted", "server":"GENERAL0100000L"}}
{"logTime": "1103/104433", "correlationVector":"7hdpU9FrzUnFD4ijd/yQvL.2","action":"Commit Response", "result":"SYNCER_OK", "context":Result: SYNCER_OK. cV=7hdpU9FrzUnFD4ijd/yQvL.0;server=GENERAL0100000L;cloudType=Consumer;environment=Prod_SoutheastAsia_000j;migrationStage=NotStarted}
{"logTime": "1103/104850", "correlationVector":"IA/tvCLQpMqqHcQJCnHx9M","action":"Commit Request", "result":"", "context":Item count: 1
Contributing types: Sessions}
{"logTime": "1103/104850", "correlationVector":"IA/tvCLQpMqqHcQJCnHx9M.1","action":"SyncServerConnectionManagerRequest", "result":"SYNC_SERVER_OK", "context":{"environment":"Prod_SoutheastAsia_000j", "migrationStage":"NotStarted", "server":"GENERAL0100001F"}}
{"logTime": "1103/104850", "correlationVector":"IA/tvCLQpMqqHcQJCnHx9M.2","action":"Commit Response", "result":"SYNCER_OK", "context":Result: SYNCER_OK. cV=IA/tvCLQpMqqHcQJCnHx9M.0;server=GENERAL0100001F;cloudType=Consumer;environment=Prod_SoutheastAsia_000j;migrationStage=NotStarted}
{"logTime": "1103/105024", "correlationVector":"ykLAjwM/nGwgMY/90da9tE","action":"Commit Request", "result":"", "context":Item count: 1
Contributing types: Sessions}
{"logTime": "1103/105025", "correlationVector":"ykLAjwM/nGwgMY/90da9tE.1","action":"SyncServerConnectionManagerRequest", "result":"SYNC_SERVER_OK", "context":{"environment":"Prod_SoutheastAsia_000j", "migrationStage":"NotStarted", "server":"GENERAL0100000E"}}
{"logTime": "1103/105025", "correlationVector":"ykLAjwM/nGwgMY/90da9tE.2","action":"Commit Response", "result":"SYNCER_OK", "context":Result: SYNCER_OK. cV=ykLAjwM/nGwgMY/90da9tE.0;server=GENERAL0100000E;cloudType=Consumer;environment=Prod_SoutheastAsia_000j;migrationStage=NotStarted}
{"logTime": "1103/105103", "correlationVector":"XjxNtkT0q7OACvIlP32GLe","action":"Commit Request", "result":"", "context":Item count: 1
Contributing types: Sessions}
{"logTime": "1103/105103", "correlationVector":"XjxNtkT0q7OACvIlP32GLe.1","action":"SyncServerConnectionManagerRequest", "result":"SYNC_SERVER_OK", "context":{"environment":"Prod_SoutheastAsia_000j", "migrationStage":"NotStarted", "server":"GENERAL0100000B"}}
{"logTime": "1103/105103", "correlationVector":"XjxNtkT0q7OACvIlP32GLe.2","action":"Commit Response", "result":"SYNCER_OK", "context":Result: SYNCER_OK. cV=XjxNtkT0q7OACvIlP32GLe.0;server=GENERAL0100000B;cloudType=Consumer;environment=Prod_SoutheastAsia_000j;migrationStage=NotStarted}
{"logTime": "1103/105740", "correlationVector":"I+XpmXMhObUxEad59aBBsn","action":"Commit Request", "result":"", "context":Item count: 1
Contributing types: Sessions}
{"logTime": "1103/105741", "correlationVector":"I+XpmXMhObUxEad59aBBsn.1","action":"SyncServerConnectionManagerRequest", "result":"SYNC_SERVER_OK", "context":{"environment":"Prod_SoutheastAsia_000j", "migrationStage":"NotStarted", "server":"GENERAL0100000U"}}
{"logTime": "1103/105741", "correlationVector":"I+XpmXMhObUxEad59aBBsn.2","action":"Commit Response", "result":"SYNCER_OK", "context":Result: SYNCER_OK. cV=I+XpmXMhObUxEad59aBBsn.0;server=GENERAL0100000U;cloudType=Consumer;environment=Prod_SoutheastAsia_000j;migrationStage=NotStarted}
{"logTime": "1103/105832", "correlationVector":"OPpx0YPbshjB9wSG/rBDhL","action":"Commit Request", "result":"", "context":Item count: 1
Contributing types: Sessions}
{"logTime": "1103/105833", "correlationVector":"OPpx0YPbshjB9wSG/rBDhL.1","action":"SyncServerConnectionManagerRequest", "result":"SYNC_SERVER_OK", "context":{"environment":"Prod_SoutheastAsia_000j", "migrationStage":"NotStarted", "server":"GENERAL0100000J"}}
{"logTime": "1103/105833", "correlationVector":"OPpx0YPbshjB9wSG/rBDhL.2","action":"Commit Response", "result":"SYNCER_OK", "context":Result: SYNCER_OK. cV=OPpx0YPbshjB9wSG/rBDhL.0;server=GENERAL0100000J;cloudType=Consumer;environment=Prod_SoutheastAsia_000j;migrationStage=NotStarted}
{"logTime": "1103/105918", "correlationVector":"XuWPYgln7hQxDONfAdPVZv","action":"Commit Request", "result":"", "context":Item count: 1
Contributing types: Sessions}
{"logTime": "1103/105919", "correlationVector":"XuWPYgln7hQxDONfAdPVZv.1","action":"SyncServerConnectionManagerRequest", "result":"SYNC_SERVER_OK", "context":{"environment":"Prod_SoutheastAsia_000j", "migrationStage":"NotStarted", "server":"GENERAL01000007"}}
{"logTime": "1103/105919", "correlationVector":"XuWPYgln7hQxDONfAdPVZv.2","action":"Commit Response", "result":"SYNCER_OK", "context":Result: SYNCER_OK. cV=XuWPYgln7hQxDONfAdPVZv.0;server=GENERAL01000007;cloudType=Consumer;environment=Prod_SoutheastAsia_000j;migrationStage=NotStarted}
{"logTime": "1103/110117", "correlationVector":"uEKj4X8fEZOm4qYDg7fnhs","action":"Commit Request", "result":"", "context":Item count: 1
Contributing types: Sessions}
{"logTime": "1103/110118", "correlationVector":"uEKj4X8fEZOm4qYDg7fnhs.1","action":"SyncServerConnectionManagerRequest", "result":"SYNC_SERVER_OK", "context":{"environment":"Prod_SoutheastAsia_000j", "migrationStage":"NotStarted", "server":"GENERAL0100001H"}}
{"logTime": "1103/110118", "correlationVector":"uEKj4X8fEZOm4qYDg7fnhs.2","action":"Commit Response", "result":"SYNCER_OK", "context":Result: SYNCER_OK. cV=uEKj4X8fEZOm4qYDg7fnhs.0;server=GENERAL0100001H;cloudType=Consumer;environment=Prod_SoutheastAsia_000j;migrationStage=NotStarted}
{"logTime": "1103/111020", "correlationVector":"3o8bQSeGBxAcaLWj7QflmW","action":"Commit Request", "result":"", "context":Item count: 1
Contributing types: Sessions}
{"logTime": "1103/111021", "correlationVector":"3o8bQSeGBxAcaLWj7QflmW.1","action":"SyncServerConnectionManagerRequest", "result":"SYNC_SERVER_OK", "context":{"environment":"Prod_SoutheastAsia_000j", "migrationStage":"NotStarted", "server":"GENERAL01000004"}}
{"logTime": "1103/111021", "correlationVector":"3o8bQSeGBxAcaLWj7QflmW.2","action":"Commit Response", "result":"SYNCER_OK", "context":Result: SYNCER_OK. cV=3o8bQSeGBxAcaLWj7QflmW.0;server=GENERAL01000004;cloudType=Consumer;environment=Prod_SoutheastAsia_000j;migrationStage=NotStarted}
{"logTime": "1103/111614", "correlationVector":"zqOOOK2D9OKQ+R2TD1xd4l","action":"Commit Request", "result":"", "context":Item count: 1
Contributing types: Sessions}
{"logTime": "1103/111615", "correlationVector":"zqOOOK2D9OKQ+R2TD1xd4l.1","action":"SyncServerConnectionManagerRequest", "result":"SYNC_SERVER_OK", "context":{"environment":"Prod_SoutheastAsia_000j", "migrationStage":"NotStarted", "server":"GENERAL0100000Y"}}
{"logTime": "1103/111615", "correlationVector":"zqOOOK2D9OKQ+R2TD1xd4l.2","action":"Commit Response", "result":"SYNCER_OK", "context":Result: SYNCER_OK. cV=zqOOOK2D9OKQ+R2TD1xd4l.0;server=GENERAL0100000Y;cloudType=Consumer;environment=Prod_SoutheastAsia_000j;migrationStage=NotStarted}
{"logTime": "1103/111818", "correlationVector":"68X3cfK+5IxhSkNnPveNOJ","action":"Commit Request", "result":"", "context":Item count: 1
Contributing types: Sessions}
{"logTime": "1103/111818", "correlationVector":"68X3cfK+5IxhSkNnPveNOJ.1","action":"SyncServerConnectionManagerRequest", "result":"SYNC_SERVER_OK", "context":{"environment":"Prod_SoutheastAsia_000j", "migrationStage":"NotStarted", "server":"GENERAL0100000H"}}
{"logTime": "1103/111818", "correlationVector":"68X3cfK+5IxhSkNnPveNOJ.2","action":"Commit Response", "result":"SYNCER_OK", "context":Result: SYNCER_OK. cV=68X3cfK+5IxhSkNnPveNOJ.0;server=GENERAL0100000H;cloudType=Consumer;environment=Prod_SoutheastAsia_000j;migrationStage=NotStarted}
{"logTime": "1103/111907", "correlationVector":"yGsMt8UD94/0QznlNKERul","action":"Commit Request", "result":"", "context":Item count: 1
Contributing types: Sessions}
{"logTime": "1103/111908", "correlationVector":"yGsMt8UD94/0QznlNKERul.1","action":"SyncServerConnectionManagerRequest", "result":"SYNC_SERVER_OK", "context":{"environment":"Prod_SoutheastAsia_000j", "migrationStage":"NotStarted", "server":"GENERAL01000016"}}
{"logTime": "1103/111908", "correlationVector":"yGsMt8UD94/0QznlNKERul.2","action":"Commit Response", "result":"SYNCER_OK", "context":Result: SYNCER_OK. cV=yGsMt8UD94/0QznlNKERul.0;server=GENERAL01000016;cloudType=Consumer;environment=Prod_SoutheastAsia_000j;migrationStage=NotStarted}
{"logTime": "1103/112005", "correlationVector":"YCsemDmPEwNODFZ/rp2ROB","action":"Commit Request", "result":"", "context":Item count: 1
Contributing types: Sessions}
{"logTime": "1103/112005", "correlationVector":"YCsemDmPEwNODFZ/rp2ROB.1","action":"SyncServerConnectionManagerRequest", "result":"SYNC_SERVER_OK", "context":{"environment":"Prod_SoutheastAsia_000j", "migrationStage":"NotStarted", "server":"GENERAL0100001A"}}
{"logTime": "1103/112005", "correlationVector":"YCsemDmPEwNODFZ/rp2ROB.2","action":"Commit Response", "result":"SYNCER_OK", "context":Result: SYNCER_OK. cV=YCsemDmPEwNODFZ/rp2ROB.0;server=GENERAL0100001A;cloudType=Consumer;environment=Prod_SoutheastAsia_000j;migrationStage=NotStarted}
{"logTime": "1103/112058", "correlationVector":"kc8ZaZ9k5ygAHTI78KiZAK","action":"Commit Request", "result":"", "context":Item count: 1
Contributing types: Sessions}
{"logTime": "1103/112058", "correlationVector":"kc8ZaZ9k5ygAHTI78KiZAK.1","action":"SyncServerConnectionManagerRequest", "result":"SYNC_SERVER_OK", "context":{"environment":"Prod_SoutheastAsia_000j", "migrationStage":"NotStarted", "server":"GENERAL0100000T"}}
{"logTime": "1103/112058", "correlationVector":"kc8ZaZ9k5ygAHTI78KiZAK.2","action":"Commit Response", "result":"SYNCER_OK", "context":Result: SYNCER_OK. cV=kc8ZaZ9k5ygAHTI78KiZAK.0;server=GENERAL0100000T;cloudType=Consumer;environment=Prod_SoutheastAsia_000j;migrationStage=NotStarted}
{"logTime": "1103/112333", "correlationVector":"Vy1Ds0aAOJVH/uY1LkxYYt","action":"Commit Request", "result":"", "context":Item count: 1
Contributing types: Sessions}
{"logTime": "1103/112333", "correlationVector":"Vy1Ds0aAOJVH/uY1LkxYYt.1","action":"SyncServerConnectionManagerRequest", "result":"SYNC_SERVER_OK", "context":{"environment":"Prod_SoutheastAsia_000j", "migrationStage":"NotStarted", "server":"GENERAL0100001A"}}
{"logTime": "1103/112333", "correlationVector":"Vy1Ds0aAOJVH/uY1LkxYYt.2","action":"Commit Response", "result":"SYNCER_OK", "context":Result: SYNCER_OK. cV=Vy1Ds0aAOJVH/uY1LkxYYt.0;server=GENERAL0100001A;cloudType=Consumer;environment=Prod_SoutheastAsia_000j;migrationStage=NotStarted}
{"logTime": "1103/112610", "correlationVector":"IZ/VPtv06U0W3iKlo3w6cA","action":"Commit Request", "result":"", "context":Item count: 1
Contributing types: Sessions}
{"logTime": "1103/112610", "correlationVector":"IZ/VPtv06U0W3iKlo3w6cA.1","action":"SyncServerConnectionManagerRequest", "result":"SYNC_SERVER_OK", "context":{"environment":"Prod_SoutheastAsia_000j", "migrationStage":"NotStarted", "server":"GENERAL0100000I"}}
{"logTime": "1103/112610", "correlationVector":"IZ/VPtv06U0W3iKlo3w6cA.2","action":"Commit Response", "result":"SYNCER_OK", "context":Result: SYNCER_OK. cV=IZ/VPtv06U0W3iKlo3w6cA.0;server=GENERAL0100000I;cloudType=Consumer;environment=Prod_SoutheastAsia_000j;migrationStage=NotStarted}
{"logTime": "1103/112640", "correlationVector":"7i4r7SE2AzMK+GGAPDaCvG","action":"Commit Request", "result":"", "context":Item count: 1
Contributing types: Sessions}
{"logTime": "1103/112641", "correlationVector":"7i4r7SE2AzMK+GGAPDaCvG.1","action":"SyncServerConnectionManagerRequest", "result":"SYNC_SERVER_OK", "context":{"environment":"Prod_SoutheastAsia_000j", "migrationStage":"NotStarted", "server":"GENERAL01000004"}}
{"logTime": "1103/112641", "correlationVector":"7i4r7SE2AzMK+GGAPDaCvG.2","action":"Commit Response", "result":"SYNCER_OK", "context":Result: SYNCER_OK. cV=7i4r7SE2AzMK+GGAPDaCvG.0;server=GENERAL01000004;cloudType=Consumer;environment=Prod_SoutheastAsia_000j;migrationStage=NotStarted}
{"logTime": "1103/112848", "correlationVector":"QN2egjrB+rXImqz1oQQKTc","action":"Commit Request", "result":"", "context":Item count: 1
Contributing types: Sessions}
{"logTime": "1103/112848", "correlationVector":"QN2egjrB+rXImqz1oQQKTc.1","action":"SyncServerConnectionManagerRequest", "result":"SYNC_SERVER_OK", "context":{"environment":"Prod_SoutheastAsia_000j", "migrationStage":"NotStarted", "server":"GENERAL0100000Y"}}
{"logTime": "1103/112848", "correlationVector":"QN2egjrB+rXImqz1oQQKTc.2","action":"Commit Response", "result":"SYNCER_OK", "context":Result: SYNCER_OK. cV=QN2egjrB+rXImqz1oQQKTc.0;server=GENERAL0100000Y;cloudType=Consumer;environment=Prod_SoutheastAsia_000j;migrationStage=NotStarted}
{"logTime": "1103/115523", "correlationVector":"aVT3HnJFqQzQaZg581JXxm.0","action":"FeedSettingFetch_homeCloud", "result":"0", "context":{}}
{"logTime": "1103/115523", "correlationVector":"eRt0BbJ8X4VOHGaH9xKd7D.1","action":"SyncServerConnectionManagerRequest", "result":"SYNC_SERVER_OK", "context":{"environment":"Prod_SoutheastAsia_000j", "migrationStage":"NotStarted", "server":"GENERAL0100000Z"}}
{"logTime": "1103/115523", "correlationVector":"eRt0BbJ8X4VOHGaH9xKd7D","action":"Initial GetUpdates", "result":"", "context":Reason: NEW_CLIENT. cV=eRt0BbJ8X4VOHGaH9xKd7D}
{"logTime": "1103/115523", "correlationVector":"eRt0BbJ8X4VOHGaH9xKd7D.2","action":"GetUpdates Response", "result":"SYNCER_OK", "context":Received 1 update(s). cV=eRt0BbJ8X4VOHGaH9xKd7D.0;server=GENERAL0100000Z;cloudType=Consumer;environment=Prod_SoutheastAsia_000j;migrationStage=NotStarted}
{"logTime": "1103/115523", "correlationVector":"GUbdWNKKmp6thJhAQ/h8Vi","action":"Normal GetUpdate request", "result":"", "context":cV=GUbdWNKKmp6thJhAQ/h8Vi
Nudged types: Sessions, User Consents
Refresh requested types: Bookmarks, Preferences, Passwords, Autofill Profiles, Autofill, Autofill Custom Data, Typed URLs, Extensions, Sessions, Extension settings, History Delete Directives, Device Info, User Consents, Send Tab To Self, Web Apps, Collection, Edge E Drop, Edge Hub App Usage, Edge Wallet, Encryption Keys}
{"logTime": "1103/115523", "correlationVector":"GUbdWNKKmp6thJhAQ/h8Vi.1","action":"SyncServerConnectionManagerRequest", "result":"SYNC_SERVER_OK", "context":{"environment":"Prod_SoutheastAsia_000j", "migrationStage":"NotStarted", "server":"GENERAL01000010"}}
{"logTime": "1103/115523", "correlationVector":"GUbdWNKKmp6thJhAQ/h8Vi.2","action":"GetUpdates Response", "result":"SYNCER_OK", "context":Received 1 update(s). cV=GUbdWNKKmp6thJhAQ/h8Vi.0;server=GENERAL01000010;cloudType=Consumer;environment=Prod_SoutheastAsia_000j;migrationStage=NotStarted}
{"logTime": "1103/115523", "correlationVector":"QrnL3NS/+wD+i1QAB/gqoA","action":"Commit Request", "result":"", "context":Item count: 4
Contributing types: Sessions, User Consents}
{"logTime": "1103/115523", "correlationVector":"QrnL3NS/+wD+i1QAB/gqoA.1","action":"SyncServerConnectionManagerRequest", "result":"SYNC_SERVER_OK", "context":{"environment":"Prod_SoutheastAsia_000j", "migrationStage":"NotStarted", "server":"GENERAL0100000C"}}
{"logTime": "1103/115523", "correlationVector":"QrnL3NS/+wD+i1QAB/gqoA.2","action":"Commit Response", "result":"SYNCER_OK", "context":Result: SYNCER_OK. cV=QrnL3NS/+wD+i1QAB/gqoA.0;server=GENERAL0100000C;cloudType=Consumer;environment=Prod_SoutheastAsia_000j;migrationStage=NotStarted}
{"logTime": "1103/115523", "correlationVector":"QrnL3NS/+wD+i1QAB/gqoA.3","action":"Commit.Sessions", "result":"Success", "context":{"id":"e0ed1135-d377-4779-8b91-893efff15de1", "isDeleted":"true", "size":"0", "version":"1699010929080"}}
{"logTime": "1103/115530", "correlationVector":"kn3ThNYGuJwEa+6jVDJeG6","action":"SyncServerConnectionManagerRequest", "result":"SYNC_SERVER_OK", "context":{"environment":"", "migrationStage":"", "server":""}}
{"logTime": "1103/115530", "correlationVector":"EnWCejEOGHJ8Vc4rPmm2Ii","action":"Normal GetUpdate request", "result":"", "context":cV=EnWCejEOGHJ8Vc4rPmm2Ii
Nudged types: Sessions}
{"logTime": "1103/115530", "correlationVector":"EnWCejEOGHJ8Vc4rPmm2Ii.1","action":"SyncServerConnectionManagerRequest", "result":"SYNC_SERVER_OK", "context":{"environment":"Prod_SoutheastAsia_000j", "migrationStage":"NotStarted", "server":"GENERAL0100000D"}}
{"logTime": "1103/115530", "correlationVector":"EnWCejEOGHJ8Vc4rPmm2Ii.2","action":"GetUpdates", "result":"DeleteReceived", "context":{"id":"e0ed1135-d377-4779-8b91-893efff15de1", "isDeleted:":"true", "version":"1699012500224"}}
{"logTime": "1103/115530", "correlationVector":"EnWCejEOGHJ8Vc4rPmm2Ii.3","action":"GetUpdates Response", "result":"SYNCER_OK", "context":Received 3 update(s). cV=EnWCejEOGHJ8Vc4rPmm2Ii.0;server=GENERAL0100000D;cloudType=Consumer;environment=Prod_SoutheastAsia_000j;migrationStage=NotStarted}
{"logTime": "1103/115530", "correlationVector":"wpbiHLIHaCcU5h61MzYDeP","action":"Commit Request", "result":"", "context":Item count: 1
Contributing types: Sessions}
{"logTime": "1103/115531", "correlationVector":"wpbiHLIHaCcU5h61MzYDeP.1","action":"SyncServerConnectionManagerRequest", "result":"SYNC_SERVER_OK", "context":{"environment":"Prod_SoutheastAsia_000j", "migrationStage":"NotStarted", "server":"GENERAL0100001I"}}
{"logTime": "1103/115531", "correlationVector":"wpbiHLIHaCcU5h61MzYDeP.2","action":"Commit Response", "result":"SYNCER_OK", "context":Result: SYNCER_OK. cV=wpbiHLIHaCcU5h61MzYDeP.0;server=GENERAL0100001I;cloudType=Consumer;environment=Prod_SoutheastAsia_000j;migrationStage=NotStarted}
{"logTime": "1103/115531", "correlationVector":"Axca4ENFnsSb+L3hD6WE2V","action":"Normal GetUpdate request", "result":"", "context":cV=Axca4ENFnsSb+L3hD6WE2V
Nudged types: Sessions
Refresh requested types: Bookmarks, Preferences, Passwords, Autofill Profiles, Autofill, Autofill Custom Data, Typed URLs, Extensions, Sessions, Extension settings, History Delete Directives, Device Info, User Consents, Send Tab To Self, Web Apps, Collection, Edge E Drop, Edge Hub App Usage, Edge Wallet, Encryption Keys}
{"logTime": "1103/115531", "correlationVector":"Axca4ENFnsSb+L3hD6WE2V.1","action":"SyncServerConnectionManagerRequest", "result":"SYNC_SERVER_OK", "context":{"environment":"Prod_SoutheastAsia_000j", "migrationStage":"NotStarted", "server":"GENERAL0100001B"}}
{"logTime": "1103/115531", "correlationVector":"Axca4ENFnsSb+L3hD6WE2V.2","action":"GetUpdates Response", "result":"SYNCER_OK", "context":Received 1 update(s). cV=Axca4ENFnsSb+L3hD6WE2V.0;server=GENERAL0100001B;cloudType=Consumer;environment=Prod_SoutheastAsia_000j;migrationStage=NotStarted}
{"logTime": "1103/115600", "correlationVector":"qKwuFS0SHVWGG8hpIXhRsI","action":"Commit Request", "result":"", "context":Item count: 1
Contributing types: Sessions}
{"logTime": "1103/115600", "correlationVector":"qKwuFS0SHVWGG8hpIXhRsI.1","action":"SyncServerConnectionManagerRequest", "result":"SYNC_SERVER_OK", "context":{"environment":"Prod_SoutheastAsia_000j", "migrationStage":"NotStarted", "server":"GENERAL0100000T"}}
{"logTime": "1103/115600", "correlationVector":"qKwuFS0SHVWGG8hpIXhRsI.2","action":"Commit Response", "result":"SYNCER_OK", "context":Result: SYNCER_OK. cV=qKwuFS0SHVWGG8hpIXhRsI.0;server=GENERAL0100000T;cloudType=Consumer;environment=Prod_SoutheastAsia_000j;migrationStage=NotStarted}
{"logTime": "1103/115641", "correlationVector":"NwmAoP/71KMJxG+l6I/lhM","action":"Commit Request", "result":"", "context":Item count: 1
Contributing types: Sessions}
{"logTime": "1103/115642", "correlationVector":"NwmAoP/71KMJxG+l6I/lhM.1","action":"SyncServerConnectionManagerRequest", "result":"SYNC_SERVER_OK", "context":{"environment":"Prod_SoutheastAsia_000j", "migrationStage":"NotStarted", "server":"GENERAL0100000C"}}
{"logTime": "1103/115642", "correlationVector":"NwmAoP/71KMJxG+l6I/lhM.2","action":"Commit Response", "result":"SYNCER_OK", "context":Result: SYNCER_OK. cV=NwmAoP/71KMJxG+l6I/lhM.0;server=GENERAL0100000C;cloudType=Consumer;environment=Prod_SoutheastAsia_000j;migrationStage=NotStarted}
{"logTime": "1103/115801", "correlationVector":"im266G/4ljlpex7h6qLP27","action":"Commit Request", "result":"", "context":Item count: 1
Contributing types: Sessions}
{"logTime": "1103/115802", "correlationVector":"im266G/4ljlpex7h6qLP27.1","action":"SyncServerConnectionManagerRequest", "result":"SYNC_SERVER_OK", "context":{"environment":"Prod_SoutheastAsia_000j", "migrationStage":"NotStarted", "server":"GENERAL0100000N"}}
{"logTime": "1103/115802", "correlationVector":"im266G/4ljlpex7h6qLP27.2","action":"Commit Response", "result":"SYNCER_OK", "context":Result: SYNCER_OK. cV=im266G/4ljlpex7h6qLP27.0;server=GENERAL0100000N;cloudType=Consumer;environment=Prod_SoutheastAsia_000j;migrationStage=NotStarted}
{"logTime": "1103/115839", "correlationVector":"dZ24Mcxqz2f8iVl5HbLq2w","action":"Commit Request", "result":"", "context":Item count: 1
Contributing types: Sessions}
{"logTime": "1103/115839", "correlationVector":"dZ24Mcxqz2f8iVl5HbLq2w.1","action":"SyncServerConnectionManagerRequest", "result":"SYNC_SERVER_OK", "context":{"environment":"Prod_SoutheastAsia_000j", "migrationStage":"NotStarted", "server":"GENERAL0100001E"}}
{"logTime": "1103/115839", "correlationVector":"dZ24Mcxqz2f8iVl5HbLq2w.2","action":"Commit Response", "result":"SYNCER_OK", "context":Result: SYNCER_OK. cV=dZ24Mcxqz2f8iVl5HbLq2w.0;server=GENERAL0100001E;cloudType=Consumer;environment=Prod_SoutheastAsia_000j;migrationStage=NotStarted}
{"logTime": "1103/120008", "correlationVector":"Atmj02bsbECIsuvAFwj8P3","action":"Commit Request", "result":"", "context":Item count: 1
Contributing types: Sessions}
{"logTime": "1103/120009", "correlationVector":"Atmj02bsbECIsuvAFwj8P3.1","action":"SyncServerConnectionManagerRequest", "result":"SYNC_SERVER_OK", "context":{"environment":"Prod_SoutheastAsia_000j", "migrationStage":"NotStarted", "server":"GENERAL0100000W"}}
{"logTime": "1103/120009", "correlationVector":"Atmj02bsbECIsuvAFwj8P3.2","action":"Commit Response", "result":"SYNCER_OK", "context":Result: SYNCER_OK. cV=Atmj02bsbECIsuvAFwj8P3.0;server=GENERAL0100000W;cloudType=Consumer;environment=Prod_SoutheastAsia_000j;migrationStage=NotStarted}
{"logTime": "1105/160421", "correlationVector":"KMJrr52cxavuc4V/89KiQw.0","action":"FeedSettingFetch_homeCloud", "result":"0", "context":{}}
{"logTime": "1105/160421", "correlationVector":"KMJrr52cxavuc4V/89KiQw.0","action":"SyncServerConnectionManagerRequest", "result":"SYNC_SERVER_OK", "context":{"environment":"", "migrationStage":"", "server":""}}
{"logTime": "1105/160421", "correlationVector":"4W5D1muQKxRcRES5qFCvpn.1","action":"SyncServerConnectionManagerRequest", "result":"SYNC_SERVER_OK", "context":{"environment":"Prod_SoutheastAsia_000j", "migrationStage":"NotStarted", "server":"GENERAL01000011"}}
{"logTime": "1105/160421", "correlationVector":"4W5D1muQKxRcRES5qFCvpn","action":"Initial GetUpdates", "result":"", "context":Reason: NEW_CLIENT. cV=4W5D1muQKxRcRES5qFCvpn}
{"logTime": "1105/160421", "correlationVector":"4W5D1muQKxRcRES5qFCvpn.2","action":"GetUpdates Response", "result":"SYNCER_OK", "context":Received 1 update(s). cV=4W5D1muQKxRcRES5qFCvpn.0;server=GENERAL01000011;cloudType=Consumer;environment=Prod_SoutheastAsia_000j;migrationStage=NotStarted}
{"logTime": "1105/160421", "correlationVector":"sMVq+gXgi/kuLndcYw3Q5C","action":"Normal GetUpdate request", "result":"", "context":cV=sMVq+gXgi/kuLndcYw3Q5C
Nudged types: Sessions, Device Info, User Consents
Refresh requested types: Bookmarks, Preferences, Passwords, Autofill Profiles, Autofill, Autofill Custom Data, Typed URLs, Extensions, Sessions, Extension settings, History Delete Directives, Device Info, User Consents, Send Tab To Self, Web Apps, Collection, Edge E Drop, Edge Hub App Usage, Edge Wallet, Encryption Keys}
{"logTime": "1105/160422", "correlationVector":"sMVq+gXgi/kuLndcYw3Q5C.1","action":"SyncServerConnectionManagerRequest", "result":"SYNC_SERVER_OK", "context":{"environment":"Prod_SoutheastAsia_000j", "migrationStage":"NotStarted", "server":"GENERAL0100001D"}}
{"logTime": "1105/160422", "correlationVector":"sMVq+gXgi/kuLndcYw3Q5C.2","action":"GetUpdates", "result":"DeleteReceived", "context":{"id":"0be9bbef-e423-4946-9059-321fc417faf4", "isDeleted:":"true", "version":"1699158814489"}}
{"logTime": "1105/160422", "correlationVector":"sMVq+gXgi/kuLndcYw3Q5C.3","action":"GetUpdates", "result":"DeleteReceived", "context":{"id":"8818dafa-91fe-4080-9541-6fe8b28d0c93", "isDeleted:":"true", "version":"1699158814490"}}
{"logTime": "1105/160422", "correlationVector":"sMVq+gXgi/kuLndcYw3Q5C.4","action":"GetUpdates", "result":"DeleteReceived", "context":{"id":"1a9bf40d-c82d-4622-a662-988406eeb652", "isDeleted:":"true", "version":"1699158814491"}}
{"logTime": "1105/160422", "correlationVector":"sMVq+gXgi/kuLndcYw3Q5C.5","action":"GetUpdates Response", "result":"SYNCER_OK", "context":Received 7 update(s). cV=sMVq+gXgi/kuLndcYw3Q5C.0;server=GENERAL0100001D;cloudType=Consumer;environment=Prod_SoutheastAsia_000j;migrationStage=NotStarted}
{"logTime": "1105/160422", "correlationVector":"sZi3gZniCAlLvPTQD28c3s","action":"Commit Request", "result":"", "context":Item count: 1
Contributing types: User Consents}
{"logTime": "1105/160422", "correlationVector":"sZi3gZniCAlLvPTQD28c3s.1","action":"SyncServerConnectionManagerRequest", "result":"SYNC_SERVER_OK", "context":{"environment":"Prod_SoutheastAsia_000j", "migrationStage":"NotStarted", "server":"GENERAL01000006"}}
{"logTime": "1105/160422", "correlationVector":"sZi3gZniCAlLvPTQD28c3s.2","action":"Commit Response", "result":"SYNCER_OK", "context":Result: SYNCER_OK. cV=sZi3gZniCAlLvPTQD28c3s.0;server=GENERAL01000006;cloudType=Consumer;environment=Prod_SoutheastAsia_000j;migrationStage=NotStarted}
{"logTime": "1105/160422", "correlationVector":"vFV6gCjOplNDmZqS2ukR6v","action":"Poll GetUpdate request", "result":"", "context":cV=vFV6gCjOplNDmZqS2ukR6v}
{"logTime": "1105/160422", "correlationVector":"vFV6gCjOplNDmZqS2ukR6v.1","action":"SyncServerConnectionManagerRequest", "result":"SYNC_SERVER_OK", "context":{"environment":"Prod_SoutheastAsia_000j", "migrationStage":"NotStarted", "server":"GENERAL01000011"}}
{"logTime": "1105/160422", "correlationVector":"vFV6gCjOplNDmZqS2ukR6v.2","action":"GetUpdates Response", "result":"SYNCER_OK", "context":Received 0 update(s). cV=vFV6gCjOplNDmZqS2ukR6v.0;server=GENERAL01000011;cloudType=Consumer;environment=Prod_SoutheastAsia_000j;migrationStage=NotStarted}
{"logTime": "1105/160456", "correlationVector":"0QPpYdM1ANO9J2gMmfq3yB","action":"Commit Request", "result":"", "context":Item count: 2
Contributing types: Sessions}
{"logTime": "1105/160456", "correlationVector":"0QPpYdM1ANO9J2gMmfq3yB.1","action":"SyncServerConnectionManagerRequest", "result":"SYNC_SERVER_OK", "context":{"environment":"Prod_SoutheastAsia_000j", "migrationStage":"NotStarted", "server":"GENERAL01000008"}}
{"logTime": "1105/160456", "correlationVector":"0QPpYdM1ANO9J2gMmfq3yB.2","action":"Commit Response", "result":"SYNCER_OK", "context":Result: SYNCER_OK. cV=0QPpYdM1ANO9J2gMmfq3yB.0;server=GENERAL01000008;cloudType=Consumer;environment=Prod_SoutheastAsia_000j;migrationStage=NotStarted}
{"logTime": "1105/161758", "correlationVector":"QBkCjdgP++5VS8LPW9dFBe","action":"Commit Request", "result":"", "context":Item count: 1
Contributing types: Sessions}
{"logTime": "1105/161758", "correlationVector":"QBkCjdgP++5VS8LPW9dFBe.1","action":"SyncServerConnectionManagerRequest", "result":"SYNC_SERVER_OK", "context":{"environment":"Prod_SoutheastAsia_000j", "migrationStage":"NotStarted", "server":"GENERAL0100001H"}}
{"logTime": "1105/161758", "correlationVector":"QBkCjdgP++5VS8LPW9dFBe.2","action":"Commit Response", "result":"SYNCER_OK", "context":Result: SYNCER_OK. cV=QBkCjdgP++5VS8LPW9dFBe.0;server=GENERAL0100001H;cloudType=Consumer;environment=Prod_SoutheastAsia_000j;migrationStage=NotStarted}
{"logTime": "1105/161924", "correlationVector":"x2wISluO4hB/7hIwlxwYIr","action":"Commit Request", "result":"", "context":Item count: 1
Contributing types: Sessions}
{"logTime": "1105/161924", "correlationVector":"x2wISluO4hB/7hIwlxwYIr.1","action":"SyncServerConnectionManagerRequest", "result":"SYNC_SERVER_OK", "context":{"environment":"Prod_SoutheastAsia_000j", "migrationStage":"NotStarted", "server":"GENERAL0100000N"}}
{"logTime": "1105/161924", "correlationVector":"x2wISluO4hB/7hIwlxwYIr.2","action":"Commit Response", "result":"SYNCER_OK", "context":Result: SYNCER_OK. cV=x2wISluO4hB/7hIwlxwYIr.0;server=GENERAL0100000N;cloudType=Consumer;environment=Prod_SoutheastAsia_000j;migrationStage=NotStarted}
{"logTime": "1106/011108", "correlationVector":"6mTBx91RR+9KsBHqKGqumb.0","action":"FeedSettingFetch_homeCloud", "result":"0", "context":{}}
{"logTime": "1106/011108", "correlationVector":"6mTBx91RR+9KsBHqKGqumb.0","action":"SyncServerConnectionManagerRequest", "result":"SYNC_SERVER_OK", "context":{"environment":"", "migrationStage":"", "server":""}}
{"logTime": "1106/011108", "correlationVector":"vWzU9X9bT0lGfoM2K7BlJY.1","action":"SyncServerConnectionManagerRequest", "result":"SYNC_SERVER_OK", "context":{"environment":"Prod_SoutheastAsia_000j", "migrationStage":"NotStarted", "server":"GENERAL0100000U"}}
{"logTime": "1106/011115", "correlationVector":"vWzU9X9bT0lGfoM2K7BlJY","action":"Initial GetUpdates", "result":"", "context":Reason: NEW_CLIENT. cV=vWzU9X9bT0lGfoM2K7BlJY}
{"logTime": "1106/011115", "correlationVector":"vWzU9X9bT0lGfoM2K7BlJY.2","action":"GetUpdates Response", "result":"SYNCER_OK", "context":Received 1 update(s). cV=vWzU9X9bT0lGfoM2K7BlJY.0;server=GENERAL0100000U;cloudType=Consumer;environment=Prod_SoutheastAsia_000j;migrationStage=NotStarted}
{"logTime": "1106/011115", "correlationVector":"I76c8XauBuGYdja33Blamx","action":"Normal GetUpdate request", "result":"", "context":cV=I76c8XauBuGYdja33Blamx
Nudged types: Sessions, User Consents
Refresh requested types: Bookmarks, Preferences, Passwords, Autofill Profiles, Autofill, Autofill Custom Data, Typed URLs, Extensions, Sessions, Extension settings, History Delete Directives, Device Info, User Consents, Send Tab To Self, Web Apps, Collection, Edge E Drop, Edge Hub App Usage, Edge Wallet, Encryption Keys}
{"logTime": "1106/011115", "correlationVector":"I76c8XauBuGYdja33Blamx.1","action":"SyncServerConnectionManagerRequest", "result":"SYNC_SERVER_OK", "context":{"environment":"Prod_SoutheastAsia_000j", "migrationStage":"NotStarted", "server":"GENERAL0100000U"}}
{"logTime": "1106/011115", "correlationVector":"I76c8XauBuGYdja33Blamx.2","action":"GetUpdates Response", "result":"SYNCER_OK", "context":Received 2 update(s). cV=I76c8XauBuGYdja33Blamx.0;server=GENERAL0100000U;cloudType=Consumer;environment=Prod_SoutheastAsia_000j;migrationStage=NotStarted}
{"logTime": "1106/011115", "correlationVector":"oMlPridENSPx5ify1Y3hnK","action":"Commit Request", "result":"", "context":Item count: 4
Contributing types: Sessions, User Consents}
{"logTime": "1106/011115", "correlationVector":"oMlPridENSPx5ify1Y3hnK.1","action":"SyncServerConnectionManagerRequest", "result":"SYNC_SERVER_OK", "context":{"environment":"Prod_SoutheastAsia_000j", "migrationStage":"NotStarted", "server":"GENERAL0100000T"}}
{"logTime": "1106/011116", "correlationVector":"oMlPridENSPx5ify1Y3hnK.3","action":"Commit.Sessions", "result":"Success", "context":{"id":"57b7a364-61fd-41c9-80af-c2a197427050", "isDeleted":"true", "size":"0", "version":"1699201166782"}}
{"logTime": "1106/011116", "correlationVector":"oMlPridENSPx5ify1Y3hnK.2","action":"Commit Response", "result":"SYNCER_OK", "context":Result: SYNCER_OK. cV=oMlPridENSPx5ify1Y3hnK.0;server=GENERAL0100000T;cloudType=Consumer;environment=Prod_SoutheastAsia_000j;migrationStage=NotStarted}
{"logTime": "1106/011116", "correlationVector":"96QES8GmUMCKbCXCxEJv28","action":"Poll GetUpdate request", "result":"", "context":cV=96QES8GmUMCKbCXCxEJv28}
{"logTime": "1106/011116", "correlationVector":"96QES8GmUMCKbCXCxEJv28.1","action":"SyncServerConnectionManagerRequest", "result":"SYNC_SERVER_OK", "context":{"environment":"Prod_SoutheastAsia_000j", "migrationStage":"NotStarted", "server":"GENERAL0100000T"}}
{"logTime": "1106/011116", "correlationVector":"96QES8GmUMCKbCXCxEJv28.2","action":"GetUpdates", "result":"DeleteReceived", "context":{"id":"57b7a364-61fd-41c9-80af-c2a197427050", "isDeleted:":"true", "version":"1699233065161"}}
{"logTime": "1106/011116", "correlationVector":"96QES8GmUMCKbCXCxEJv28.3","action":"GetUpdates Response", "result":"SYNCER_OK", "context":Received 3 update(s). cV=96QES8GmUMCKbCXCxEJv28.0;server=GENERAL0100000T;cloudType=Consumer;environment=Prod_SoutheastAsia_000j;migrationStage=NotStarted}
{"logTime": "1106/011135", "correlationVector":"eB0cmvTOYtFFz50/xY9Qac","action":"Commit Request", "result":"", "context":Item count: 1
Contributing types: Sessions}
{"logTime": "1106/011136", "correlationVector":"eB0cmvTOYtFFz50/xY9Qac.1","action":"SyncServerConnectionManagerRequest", "result":"SYNC_SERVER_OK", "context":{"environment":"Prod_SoutheastAsia_000j", "migrationStage":"NotStarted", "server":"GENERAL01000019"}}
{"logTime": "1106/011136", "correlationVector":"eB0cmvTOYtFFz50/xY9Qac.2","action":"Commit Response", "result":"SYNCER_OK", "context":Result: SYNCER_OK. cV=eB0cmvTOYtFFz50/xY9Qac.0;server=GENERAL01000019;cloudType=Consumer;environment=Prod_SoutheastAsia_000j;migrationStage=NotStarted}
